num_intervals=10
interval_duration=60
vm_pid_array=331683
[BEGIN] Logging ksm system parameters
full_scans=69
general_profit=74349824
max_page_sharing=256
merge_across_nodes=1
pages_shared=130
pages_sharing=19434
pages_to_scan=1000
pages_unshared=30017
pages_volatile=29983
run=1
sleep_millisecs=20
stable_node_chains=3
stable_node_chains_prune_millisecs=2000
stable_node_dups=77
use_zero_pages=0
[END] Logging ksm system parameters
Interval 1: average_cpu_usage=3.06
Interval 1: pages_shared=1922
Interval 1: pages_sharing=23826
Interval 1: general_profit=91745536
Interval 1: /proc/331683/ksm_stat=ksm_rmap_items 91340 ksm_merging_pages 25748 ksm_process_profit 99618048
Interval 2: average_cpu_usage=1.34
Interval 2: pages_shared=1922
Interval 2: pages_sharing=23812
Interval 2: general_profit=91688192
Interval 2: /proc/331683/ksm_stat=ksm_rmap_items 91340 ksm_merging_pages 25734 ksm_process_profit 99560704
Interval 3: average_cpu_usage=2.6
Interval 3: pages_shared=1927
Interval 3: pages_sharing=23819
Interval 3: general_profit=91716864
Interval 3: /proc/331683/ksm_stat=ksm_rmap_items 91340 ksm_merging_pages 25746 ksm_process_profit 99609856
Interval 4: average_cpu_usage=1.98
Interval 4: pages_shared=1921
Interval 4: pages_sharing=23804
Interval 4: general_profit=91655424
Interval 4: /proc/331683/ksm_stat=ksm_rmap_items 91340 ksm_merging_pages 25725 ksm_process_profit 99523840
Interval 5: average_cpu_usage=5.39
Interval 5: pages_shared=1931
Interval 5: pages_sharing=23814
Interval 5: general_profit=91696384
Interval 5: /proc/331683/ksm_stat=ksm_rmap_items 91340 ksm_merging_pages 25745 ksm_process_profit 99605760
Interval 6: average_cpu_usage=5.39
Interval 6: pages_shared=1935
Interval 6: pages_sharing=23804
Interval 6: general_profit=91655424
Interval 6: /proc/331683/ksm_stat=ksm_rmap_items 91340 ksm_merging_pages 25739 ksm_process_profit 99581184
Interval 7: average_cpu_usage=2.82
Interval 7: pages_shared=1928
Interval 7: pages_sharing=23797
Interval 7: general_profit=91626752
Interval 7: /proc/331683/ksm_stat=ksm_rmap_items 91340 ksm_merging_pages 25725 ksm_process_profit 99523840
Interval 8: average_cpu_usage=3.57
Interval 8: pages_shared=1933
Interval 8: pages_sharing=23801
Interval 8: general_profit=91643136
Interval 8: /proc/331683/ksm_stat=ksm_rmap_items 91340 ksm_merging_pages 25734 ksm_process_profit 99560704
Interval 9: average_cpu_usage=2.2
Interval 9: pages_shared=1933
Interval 9: pages_sharing=23800
Interval 9: general_profit=91639040
Interval 9: /proc/331683/ksm_stat=ksm_rmap_items 91340 ksm_merging_pages 25733 ksm_process_profit 99556608
Interval 10: average_cpu_usage=2.73
Interval 10: pages_shared=1931
Interval 10: pages_sharing=23799
Interval 10: general_profit=91634944
Interval 10: /proc/331683/ksm_stat=ksm_rmap_items 91340 ksm_merging_pages 25730 ksm_process_profit 99544320
