num_intervals=10
interval_duration=60
vm_pid_array=340595 340691
[BEGIN] Logging ksm system parameters
full_scans=348
general_profit=41180480
max_page_sharing=256
merge_across_nodes=1
pages_shared=224
pages_sharing=12495
pages_to_scan=1000
pages_unshared=11519
pages_volatile=131994
run=1
sleep_millisecs=20
stable_node_chains=2
stable_node_chains_prune_millisecs=2000
stable_node_dups=48
use_zero_pages=0
[END] Logging ksm system parameters
Interval 1: average_cpu_usage=3.09
Interval 1: pages_shared=47141
Interval 1: pages_sharing=86840
Interval 1: general_profit=344202112
Interval 1: /proc/340595/ksm_stat=ksm_rmap_items 90214 ksm_merging_pages 67162 ksm_process_profit 269321856
Interval 1: /proc/340691/ksm_stat=ksm_rmap_items 89388 ksm_merging_pages 66819 ksm_process_profit 267969792
Interval 2: average_cpu_usage=2.37
Interval 2: pages_shared=47151
Interval 2: pages_sharing=86827
Interval 2: general_profit=344148864
Interval 2: /proc/340595/ksm_stat=ksm_rmap_items 90214 ksm_merging_pages 67163 ksm_process_profit 269325952
Interval 2: /proc/340691/ksm_stat=ksm_rmap_items 89388 ksm_merging_pages 66815 ksm_process_profit 267953408
Interval 3: average_cpu_usage=3.32
Interval 3: pages_shared=47150
Interval 3: pages_sharing=86833
Interval 3: general_profit=344173440
Interval 3: /proc/340595/ksm_stat=ksm_rmap_items 90214 ksm_merging_pages 67162 ksm_process_profit 269321856
Interval 3: /proc/340691/ksm_stat=ksm_rmap_items 89388 ksm_merging_pages 66821 ksm_process_profit 267977984
Interval 4: average_cpu_usage=2.09
Interval 4: pages_shared=47150
Interval 4: pages_sharing=86833
Interval 4: general_profit=344173440
Interval 4: /proc/340595/ksm_stat=ksm_rmap_items 90214 ksm_merging_pages 67168 ksm_process_profit 269346432
Interval 4: /proc/340691/ksm_stat=ksm_rmap_items 89388 ksm_merging_pages 66815 ksm_process_profit 267953408
Interval 5: average_cpu_usage=2.45
Interval 5: pages_shared=47157
Interval 5: pages_sharing=86832
Interval 5: general_profit=344169344
Interval 5: /proc/340595/ksm_stat=ksm_rmap_items 90214 ksm_merging_pages 67166 ksm_process_profit 269338240
Interval 5: /proc/340691/ksm_stat=ksm_rmap_items 89388 ksm_merging_pages 66823 ksm_process_profit 267986176
Interval 6: average_cpu_usage=3.37
Interval 6: pages_shared=47151
Interval 6: pages_sharing=86808
Interval 6: general_profit=344071040
Interval 6: /proc/340595/ksm_stat=ksm_rmap_items 90214 ksm_merging_pages 67151 ksm_process_profit 269276800
Interval 6: /proc/340691/ksm_stat=ksm_rmap_items 89388 ksm_merging_pages 66808 ksm_process_profit 267924736
Interval 7: average_cpu_usage=2.67
Interval 7: pages_shared=47150
Interval 7: pages_sharing=86802
Interval 7: general_profit=344046464
Interval 7: /proc/340595/ksm_stat=ksm_rmap_items 90214 ksm_merging_pages 67147 ksm_process_profit 269260416
Interval 7: /proc/340691/ksm_stat=ksm_rmap_items 89388 ksm_merging_pages 66805 ksm_process_profit 267912448
Interval 8: average_cpu_usage=4.03
Interval 8: pages_shared=47153
Interval 8: pages_sharing=86792
Interval 8: general_profit=344005504
Interval 8: /proc/340595/ksm_stat=ksm_rmap_items 90214 ksm_merging_pages 67140 ksm_process_profit 269231744
Interval 8: /proc/340691/ksm_stat=ksm_rmap_items 89388 ksm_merging_pages 66805 ksm_process_profit 267912448
Interval 9: average_cpu_usage=4.79
Interval 9: pages_shared=47154
Interval 9: pages_sharing=86796
Interval 9: general_profit=344021888
Interval 9: /proc/340595/ksm_stat=ksm_rmap_items 90214 ksm_merging_pages 67145 ksm_process_profit 269252224
Interval 9: /proc/340691/ksm_stat=ksm_rmap_items 89388 ksm_merging_pages 66805 ksm_process_profit 267912448
Interval 10: average_cpu_usage=4.08
Interval 10: pages_shared=47152
Interval 10: pages_sharing=86806
Interval 10: general_profit=344062848
Interval 10: /proc/340595/ksm_stat=ksm_rmap_items 90214 ksm_merging_pages 67145 ksm_process_profit 269252224
Interval 10: /proc/340691/ksm_stat=ksm_rmap_items 89388 ksm_merging_pages 66813 ksm_process_profit 267945216
