num_intervals=10
interval_duration=60
vm_pid_array=349656 349709 349792
[BEGIN] Logging ksm system parameters
full_scans=517
general_profit=12718848
max_page_sharing=256
merge_across_nodes=1
pages_shared=187
pages_sharing=6523
pages_to_scan=1000
pages_unshared=4570
pages_volatile=207546
run=1
sleep_millisecs=20
stable_node_chains=1
stable_node_chains_prune_millisecs=2000
stable_node_dups=23
use_zero_pages=0
[END] Logging ksm system parameters
Interval 1: average_cpu_usage=4.86
Interval 1: pages_shared=50100
Interval 1: pages_sharing=158762
Interval 1: general_profit=632731264
Interval 1: /proc/349656/ksm_stat=ksm_rmap_items 90202 ksm_merging_pages 69011 ksm_process_profit 276896128
Interval 1: /proc/349709/ksm_stat=ksm_rmap_items 89677 ksm_merging_pages 68087 ksm_process_profit 273145024
Interval 1: /proc/349792/ksm_stat=ksm_rmap_items 94591 ksm_merging_pages 71768 ksm_process_profit 287907904
Interval 2: average_cpu_usage=4.86
Interval 2: pages_shared=50044
Interval 2: pages_sharing=158517
Interval 2: general_profit=630925824
Interval 2: /proc/349656/ksm_stat=ksm_rmap_items 102604 ksm_merging_pages 68664 ksm_process_profit 274681088
Interval 2: /proc/349709/ksm_stat=ksm_rmap_items 89677 ksm_merging_pages 68123 ksm_process_profit 273292480
Interval 2: /proc/349792/ksm_stat=ksm_rmap_items 94591 ksm_merging_pages 71774 ksm_process_profit 287932480
Interval 3: average_cpu_usage=3.3
Interval 3: pages_shared=50054
Interval 3: pages_sharing=158681
Interval 3: general_profit=631597568
Interval 3: /proc/349656/ksm_stat=ksm_rmap_items 102604 ksm_merging_pages 68824 ksm_process_profit 275336448
Interval 3: /proc/349709/ksm_stat=ksm_rmap_items 89677 ksm_merging_pages 68125 ksm_process_profit 273300672
Interval 3: /proc/349792/ksm_stat=ksm_rmap_items 94591 ksm_merging_pages 71786 ksm_process_profit 287981632
Interval 4: average_cpu_usage=3.58
Interval 4: pages_shared=50056
Interval 4: pages_sharing=158662
Interval 4: general_profit=631519744
Interval 4: /proc/349656/ksm_stat=ksm_rmap_items 102604 ksm_merging_pages 68825 ksm_process_profit 275340544
Interval 4: /proc/349709/ksm_stat=ksm_rmap_items 89677 ksm_merging_pages 68123 ksm_process_profit 273292480
Interval 4: /proc/349792/ksm_stat=ksm_rmap_items 94591 ksm_merging_pages 71770 ksm_process_profit 287916096
Interval 5: average_cpu_usage=4.53
Interval 5: pages_shared=50050
Interval 5: pages_sharing=158654
Interval 5: general_profit=631486976
Interval 5: /proc/349656/ksm_stat=ksm_rmap_items 102604 ksm_merging_pages 68822 ksm_process_profit 275328256
Interval 5: /proc/349709/ksm_stat=ksm_rmap_items 89677 ksm_merging_pages 68121 ksm_process_profit 273284288
Interval 5: /proc/349792/ksm_stat=ksm_rmap_items 94591 ksm_merging_pages 71761 ksm_process_profit 287879232
Interval 6: average_cpu_usage=5.03
Interval 6: pages_shared=50045
Interval 6: pages_sharing=158620
Interval 6: general_profit=631347712
Interval 6: /proc/349656/ksm_stat=ksm_rmap_items 102604 ksm_merging_pages 68814 ksm_process_profit 275295488
Interval 6: /proc/349709/ksm_stat=ksm_rmap_items 89677 ksm_merging_pages 68104 ksm_process_profit 273214656
Interval 6: /proc/349792/ksm_stat=ksm_rmap_items 94591 ksm_merging_pages 71747 ksm_process_profit 287821888
Interval 7: average_cpu_usage=3.76
Interval 7: pages_shared=50054
Interval 7: pages_sharing=158634
Interval 7: general_profit=631405056
Interval 7: /proc/349656/ksm_stat=ksm_rmap_items 102604 ksm_merging_pages 68840 ksm_process_profit 275401984
Interval 7: /proc/349709/ksm_stat=ksm_rmap_items 89677 ksm_merging_pages 68101 ksm_process_profit 273202368
Interval 7: /proc/349792/ksm_stat=ksm_rmap_items 94591 ksm_merging_pages 71745 ksm_process_profit 287813696
Interval 8: average_cpu_usage=5
Interval 8: pages_shared=50053
Interval 8: pages_sharing=158617
Interval 8: general_profit=631335424
Interval 8: /proc/349656/ksm_stat=ksm_rmap_items 102604 ksm_merging_pages 68818 ksm_process_profit 275311872
Interval 8: /proc/349709/ksm_stat=ksm_rmap_items 89677 ksm_merging_pages 68109 ksm_process_profit 273235136
Interval 8: /proc/349792/ksm_stat=ksm_rmap_items 94591 ksm_merging_pages 71743 ksm_process_profit 287805504
Interval 9: average_cpu_usage=3.82
Interval 9: pages_shared=50052
Interval 9: pages_sharing=158555
Interval 9: general_profit=631081472
Interval 9: /proc/349656/ksm_stat=ksm_rmap_items 102604 ksm_merging_pages 68752 ksm_process_profit 275041536
Interval 9: /proc/349709/ksm_stat=ksm_rmap_items 89677 ksm_merging_pages 68117 ksm_process_profit 273267904
Interval 9: /proc/349792/ksm_stat=ksm_rmap_items 94591 ksm_merging_pages 71738 ksm_process_profit 287785024
Interval 10: average_cpu_usage=2.09
Interval 10: pages_shared=50052
Interval 10: pages_sharing=158566
Interval 10: general_profit=631126528
Interval 10: /proc/349656/ksm_stat=ksm_rmap_items 102604 ksm_merging_pages 68754 ksm_process_profit 275049728
Interval 10: /proc/349709/ksm_stat=ksm_rmap_items 89677 ksm_merging_pages 68120 ksm_process_profit 273280192
Interval 10: /proc/349792/ksm_stat=ksm_rmap_items 94591 ksm_merging_pages 71744 ksm_process_profit 287809600
