num_intervals=35
interval_duration=1
command_executed_in_vms=''
vm_pid_array=19657
Interval 1: average_cpu_usage=7.77
[BEGIN] Logging ksm system parameters
full_scans=56
general_profit=-12800
max_page_sharing=256
merge_across_nodes=1
pages_shared=0
pages_sharing=0
pages_to_scan=100
pages_unshared=0
pages_volatile=200
run=1
sleep_millisecs=200
stable_node_chains=0
stable_node_chains_prune_millisecs=2000
stable_node_dups=0
use_zero_pages=0
[END] Logging ksm system parameters
/proc/19657/ksm_stat=ksm_rmap_items 300 ksm_merging_pages 0 ksm_process_profit -19200
Interval 2: average_cpu_usage=7.36
[BEGIN] Logging ksm system parameters
full_scans=56
general_profit=-51200
max_page_sharing=256
merge_across_nodes=1
pages_shared=0
pages_sharing=0
pages_to_scan=100
pages_unshared=0
pages_volatile=800
run=1
sleep_millisecs=200
stable_node_chains=0
stable_node_chains_prune_millisecs=2000
stable_node_dups=0
use_zero_pages=0
[END] Logging ksm system parameters
/proc/19657/ksm_stat=ksm_rmap_items 800 ksm_merging_pages 0 ksm_process_profit -51200
Interval 3: average_cpu_usage=4.95
[BEGIN] Logging ksm system parameters
full_scans=57
general_profit=-62528
max_page_sharing=256
merge_across_nodes=1
pages_shared=0
pages_sharing=0
pages_to_scan=100
pages_unshared=300
pages_volatile=677
run=1
sleep_millisecs=200
stable_node_chains=0
stable_node_chains_prune_millisecs=2000
stable_node_dups=0
use_zero_pages=0
[END] Logging ksm system parameters
/proc/19657/ksm_stat=ksm_rmap_items 977 ksm_merging_pages 0 ksm_process_profit -62528
Interval 4: average_cpu_usage=2.13
[BEGIN] Logging ksm system parameters
full_scans=57
general_profit=-62528
max_page_sharing=256
merge_across_nodes=1
pages_shared=0
pages_sharing=0
pages_to_scan=100
pages_unshared=800
pages_volatile=77
run=1
sleep_millisecs=200
stable_node_chains=0
stable_node_chains_prune_millisecs=2000
stable_node_dups=0
use_zero_pages=0
[END] Logging ksm system parameters
/proc/19657/ksm_stat=ksm_rmap_items 977 ksm_merging_pages 0 ksm_process_profit -62528
Interval 5: average_cpu_usage=1.25
[BEGIN] Logging ksm system parameters
full_scans=58
general_profit=-62528
max_page_sharing=256
merge_across_nodes=1
pages_shared=0
pages_sharing=0
pages_to_scan=100
pages_unshared=977
pages_volatile=0
run=1
sleep_millisecs=200
stable_node_chains=0
stable_node_chains_prune_millisecs=2000
stable_node_dups=0
use_zero_pages=0
[END] Logging ksm system parameters
/proc/19657/ksm_stat=ksm_rmap_items 977 ksm_merging_pages 0 ksm_process_profit -62528
Interval 6: average_cpu_usage=4.65
[BEGIN] Logging ksm system parameters
full_scans=58
general_profit=-62528
max_page_sharing=256
merge_across_nodes=1
pages_shared=0
pages_sharing=0
pages_to_scan=100
pages_unshared=977
pages_volatile=0
run=1
sleep_millisecs=200
stable_node_chains=0
stable_node_chains_prune_millisecs=2000
stable_node_dups=0
use_zero_pages=0
[END] Logging ksm system parameters
/proc/19657/ksm_stat=ksm_rmap_items 977 ksm_merging_pages 0 ksm_process_profit -62528
Interval 7: average_cpu_usage=2.08
[BEGIN] Logging ksm system parameters
full_scans=59
general_profit=-62528
max_page_sharing=256
merge_across_nodes=1
pages_shared=0
pages_sharing=0
pages_to_scan=100
pages_unshared=977
pages_volatile=0
run=1
sleep_millisecs=200
stable_node_chains=0
stable_node_chains_prune_millisecs=2000
stable_node_dups=0
use_zero_pages=0
[END] Logging ksm system parameters
/proc/19657/ksm_stat=ksm_rmap_items 977 ksm_merging_pages 0 ksm_process_profit -62528
Interval 8: average_cpu_usage=3.32
[BEGIN] Logging ksm system parameters
full_scans=60
general_profit=-62528
max_page_sharing=256
merge_across_nodes=1
pages_shared=0
pages_sharing=0
pages_to_scan=100
pages_unshared=977
pages_volatile=0
run=1
sleep_millisecs=200
stable_node_chains=0
stable_node_chains_prune_millisecs=2000
stable_node_dups=0
use_zero_pages=0
[END] Logging ksm system parameters
/proc/19657/ksm_stat=ksm_rmap_items 977 ksm_merging_pages 0 ksm_process_profit -62528
Interval 9: average_cpu_usage=0.56
[BEGIN] Logging ksm system parameters
full_scans=60
general_profit=-62528
max_page_sharing=256
merge_across_nodes=1
pages_shared=0
pages_sharing=0
pages_to_scan=100
pages_unshared=977
pages_volatile=0
run=1
sleep_millisecs=200
stable_node_chains=0
stable_node_chains_prune_millisecs=2000
stable_node_dups=0
use_zero_pages=0
[END] Logging ksm system parameters
/proc/19657/ksm_stat=ksm_rmap_items 977 ksm_merging_pages 0 ksm_process_profit -62528
Interval 10: average_cpu_usage=0.63
[BEGIN] Logging ksm system parameters
full_scans=61
general_profit=-62528
max_page_sharing=256
merge_across_nodes=1
pages_shared=0
pages_sharing=0
pages_to_scan=100
pages_unshared=977
pages_volatile=100
run=1
sleep_millisecs=200
stable_node_chains=0
stable_node_chains_prune_millisecs=2000
stable_node_dups=0
use_zero_pages=0
[END] Logging ksm system parameters
/proc/19657/ksm_stat=ksm_rmap_items 1077 ksm_merging_pages 0 ksm_process_profit -68928
Interval 11: average_cpu_usage=6.83
[BEGIN] Logging ksm system parameters
full_scans=61
general_profit=-100928
max_page_sharing=256
merge_across_nodes=1
pages_shared=0
pages_sharing=0
pages_to_scan=100
pages_unshared=977
pages_volatile=600
run=1
sleep_millisecs=200
stable_node_chains=0
stable_node_chains_prune_millisecs=2000
stable_node_dups=0
use_zero_pages=0
[END] Logging ksm system parameters
/proc/19657/ksm_stat=ksm_rmap_items 1577 ksm_merging_pages 0 ksm_process_profit -100928
Interval 12: average_cpu_usage=5.22
[BEGIN] Logging ksm system parameters
full_scans=61
general_profit=-125056
max_page_sharing=256
merge_across_nodes=1
pages_shared=0
pages_sharing=0
pages_to_scan=100
pages_unshared=977
pages_volatile=977
run=1
sleep_millisecs=200
stable_node_chains=0
stable_node_chains_prune_millisecs=2000
stable_node_dups=0
use_zero_pages=0
[END] Logging ksm system parameters
/proc/19657/ksm_stat=ksm_rmap_items 1954 ksm_merging_pages 0 ksm_process_profit -125056
Interval 13: average_cpu_usage=2.75
[BEGIN] Logging ksm system parameters
full_scans=61
general_profit=-125056
max_page_sharing=256
merge_across_nodes=1
pages_shared=0
pages_sharing=0
pages_to_scan=100
pages_unshared=977
pages_volatile=977
run=1
sleep_millisecs=200
stable_node_chains=0
stable_node_chains_prune_millisecs=2000
stable_node_dups=0
use_zero_pages=0
[END] Logging ksm system parameters
/proc/19657/ksm_stat=ksm_rmap_items 1954 ksm_merging_pages 0 ksm_process_profit -125056
Interval 14: average_cpu_usage=1.25
[BEGIN] Logging ksm system parameters
full_scans=62
general_profit=-125056
max_page_sharing=256
merge_across_nodes=1
pages_shared=0
pages_sharing=0
pages_to_scan=100
pages_unshared=1177
pages_volatile=777
run=1
sleep_millisecs=200
stable_node_chains=0
stable_node_chains_prune_millisecs=2000
stable_node_dups=0
use_zero_pages=0
[END] Logging ksm system parameters
/proc/19657/ksm_stat=ksm_rmap_items 1954 ksm_merging_pages 0 ksm_process_profit -125056
Interval 15: average_cpu_usage=0.38
[BEGIN] Logging ksm system parameters
full_scans=62
general_profit=-125056
max_page_sharing=256
merge_across_nodes=1
pages_shared=0
pages_sharing=0
pages_to_scan=100
pages_unshared=1677
pages_volatile=277
run=1
sleep_millisecs=200
stable_node_chains=0
stable_node_chains_prune_millisecs=2000
stable_node_dups=0
use_zero_pages=0
[END] Logging ksm system parameters
/proc/19657/ksm_stat=ksm_rmap_items 1954 ksm_merging_pages 0 ksm_process_profit -125056
Interval 16: average_cpu_usage=3.45
[BEGIN] Logging ksm system parameters
full_scans=62
general_profit=788352
max_page_sharing=256
merge_across_nodes=1
pages_shared=323
pages_sharing=323
pages_to_scan=100
pages_unshared=1308
pages_volatile=0
run=1
sleep_millisecs=200
stable_node_chains=0
stable_node_chains_prune_millisecs=2000
stable_node_dups=0
use_zero_pages=0
[END] Logging ksm system parameters
/proc/19657/ksm_stat=ksm_rmap_items 1954 ksm_merging_pages 646 ksm_process_profit 2520960
Interval 17: average_cpu_usage=0.87
[BEGIN] Logging ksm system parameters
full_scans=62
general_profit=3245952
max_page_sharing=256
merge_across_nodes=1
pages_shared=823
pages_sharing=823
pages_to_scan=100
pages_unshared=308
pages_volatile=0
run=1
sleep_millisecs=200
stable_node_chains=0
stable_node_chains_prune_millisecs=2000
stable_node_dups=0
use_zero_pages=0
[END] Logging ksm system parameters
/proc/19657/ksm_stat=ksm_rmap_items 1954 ksm_merging_pages 1646 ksm_process_profit 6616960
Interval 18: average_cpu_usage=2.14
[BEGIN] Logging ksm system parameters
full_scans=63
general_profit=3876736
max_page_sharing=256
merge_across_nodes=1
pages_shared=977
pages_sharing=977
pages_to_scan=100
pages_unshared=0
pages_volatile=0
run=1
sleep_millisecs=200
stable_node_chains=0
stable_node_chains_prune_millisecs=2000
stable_node_dups=0
use_zero_pages=0
[END] Logging ksm system parameters
/proc/19657/ksm_stat=ksm_rmap_items 1954 ksm_merging_pages 1954 ksm_process_profit 7878528
Interval 19: average_cpu_usage=12.99
[BEGIN] Logging ksm system parameters
full_scans=63
general_profit=3876736
max_page_sharing=256
merge_across_nodes=1
pages_shared=977
pages_sharing=977
pages_to_scan=100
pages_unshared=0
pages_volatile=0
run=1
sleep_millisecs=200
stable_node_chains=0
stable_node_chains_prune_millisecs=2000
stable_node_dups=0
use_zero_pages=0
[END] Logging ksm system parameters
/proc/19657/ksm_stat=ksm_rmap_items 1954 ksm_merging_pages 1954 ksm_process_profit 7878528
Interval 20: average_cpu_usage=5
[BEGIN] Logging ksm system parameters
full_scans=63
general_profit=2144128
max_page_sharing=256
merge_across_nodes=1
pages_shared=977
pages_sharing=554
pages_to_scan=100
pages_unshared=0
pages_volatile=423
run=1
sleep_millisecs=200
stable_node_chains=0
stable_node_chains_prune_millisecs=2000
stable_node_dups=0
use_zero_pages=0
[END] Logging ksm system parameters
/proc/19657/ksm_stat=ksm_rmap_items 1954 ksm_merging_pages 1531 ksm_process_profit 6145920
Interval 21: average_cpu_usage=1.5
[BEGIN] Logging ksm system parameters
full_scans=63
general_profit=1873792
max_page_sharing=256
merge_across_nodes=1
pages_shared=977
pages_sharing=488
pages_to_scan=100
pages_unshared=0
pages_volatile=489
run=1
sleep_millisecs=200
stable_node_chains=0
stable_node_chains_prune_millisecs=2000
stable_node_dups=0
use_zero_pages=0
[END] Logging ksm system parameters
/proc/19657/ksm_stat=ksm_rmap_items 1954 ksm_merging_pages 1465 ksm_process_profit 5875584
Interval 22: average_cpu_usage=4.53
[BEGIN] Logging ksm system parameters
full_scans=64
general_profit=1873792
max_page_sharing=256
merge_across_nodes=1
pages_shared=977
pages_sharing=488
pages_to_scan=100
pages_unshared=0
pages_volatile=489
run=1
sleep_millisecs=200
stable_node_chains=0
stable_node_chains_prune_millisecs=2000
stable_node_dups=0
use_zero_pages=0
[END] Logging ksm system parameters
/proc/19657/ksm_stat=ksm_rmap_items 1954 ksm_merging_pages 1465 ksm_process_profit 5875584
Interval 23: average_cpu_usage=0.69
[BEGIN] Logging ksm system parameters
full_scans=64
general_profit=1873792
max_page_sharing=256
merge_across_nodes=1
pages_shared=977
pages_sharing=488
pages_to_scan=100
pages_unshared=23
pages_volatile=466
run=1
sleep_millisecs=200
stable_node_chains=0
stable_node_chains_prune_millisecs=2000
stable_node_dups=0
use_zero_pages=0
[END] Logging ksm system parameters
/proc/19657/ksm_stat=ksm_rmap_items 1954 ksm_merging_pages 1465 ksm_process_profit 5875584
Interval 24: average_cpu_usage=0.19
[BEGIN] Logging ksm system parameters
full_scans=64
general_profit=1873792
max_page_sharing=256
merge_across_nodes=1
pages_shared=977
pages_sharing=488
pages_to_scan=100
pages_unshared=489
pages_volatile=0
run=1
sleep_millisecs=200
stable_node_chains=0
stable_node_chains_prune_millisecs=2000
stable_node_dups=0
use_zero_pages=0
[END] Logging ksm system parameters
/proc/19657/ksm_stat=ksm_rmap_items 1954 ksm_merging_pages 1465 ksm_process_profit 5875584
Interval 25: average_cpu_usage=0.69
[BEGIN] Logging ksm system parameters
full_scans=65
general_profit=1873792
max_page_sharing=256
merge_across_nodes=1
pages_shared=977
pages_sharing=488
pages_to_scan=100
pages_unshared=489
pages_volatile=0
run=1
sleep_millisecs=200
stable_node_chains=0
stable_node_chains_prune_millisecs=2000
stable_node_dups=0
use_zero_pages=0
[END] Logging ksm system parameters
/proc/19657/ksm_stat=ksm_rmap_items 1954 ksm_merging_pages 1465 ksm_process_profit 5875584
Interval 26: average_cpu_usage=0.25
[BEGIN] Logging ksm system parameters
full_scans=65
general_profit=1873792
max_page_sharing=256
merge_across_nodes=1
pages_shared=977
pages_sharing=488
pages_to_scan=100
pages_unshared=489
pages_volatile=0
run=1
sleep_millisecs=200
stable_node_chains=0
stable_node_chains_prune_millisecs=2000
stable_node_dups=0
use_zero_pages=0
[END] Logging ksm system parameters
/proc/19657/ksm_stat=ksm_rmap_items 1954 ksm_merging_pages 1465 ksm_process_profit 5875584
Interval 27: average_cpu_usage=1.31
[BEGIN] Logging ksm system parameters
full_scans=65
general_profit=1873792
max_page_sharing=256
merge_across_nodes=1
pages_shared=977
pages_sharing=488
pages_to_scan=100
pages_unshared=489
pages_volatile=0
run=1
sleep_millisecs=200
stable_node_chains=0
stable_node_chains_prune_millisecs=2000
stable_node_dups=0
use_zero_pages=0
[END] Logging ksm system parameters
/proc/19657/ksm_stat=ksm_rmap_items 1954 ksm_merging_pages 1465 ksm_process_profit 5875584
Interval 28: average_cpu_usage=0.5
[BEGIN] Logging ksm system parameters
full_scans=65
general_profit=1873792
max_page_sharing=256
merge_across_nodes=1
pages_shared=977
pages_sharing=488
pages_to_scan=100
pages_unshared=489
pages_volatile=0
run=1
sleep_millisecs=200
stable_node_chains=0
stable_node_chains_prune_millisecs=2000
stable_node_dups=0
use_zero_pages=0
[END] Logging ksm system parameters
/proc/19657/ksm_stat=
Interval 29: average_cpu_usage=5.03
[BEGIN] Logging ksm system parameters
full_scans=66
general_profit=0
max_page_sharing=256
merge_across_nodes=1
pages_shared=0
pages_sharing=0
pages_to_scan=100
pages_unshared=0
pages_volatile=0
run=1
sleep_millisecs=200
stable_node_chains=0
stable_node_chains_prune_millisecs=2000
stable_node_dups=0
use_zero_pages=0
[END] Logging ksm system parameters
/proc/19657/ksm_stat=
Interval 30: average_cpu_usage=1.5
[BEGIN] Logging ksm system parameters
full_scans=66
general_profit=0
max_page_sharing=256
merge_across_nodes=1
pages_shared=0
pages_sharing=0
pages_to_scan=100
pages_unshared=0
pages_volatile=0
run=1
sleep_millisecs=200
stable_node_chains=0
stable_node_chains_prune_millisecs=2000
stable_node_dups=0
use_zero_pages=0
[END] Logging ksm system parameters
/proc/19657/ksm_stat=
Interval 31: average_cpu_usage=2.88
[BEGIN] Logging ksm system parameters
full_scans=66
general_profit=0
max_page_sharing=256
merge_across_nodes=1
pages_shared=0
pages_sharing=0
pages_to_scan=100
pages_unshared=0
pages_volatile=0
run=1
sleep_millisecs=200
stable_node_chains=0
stable_node_chains_prune_millisecs=2000
stable_node_dups=0
use_zero_pages=0
[END] Logging ksm system parameters
/proc/19657/ksm_stat=
Interval 32: average_cpu_usage=0.5
[BEGIN] Logging ksm system parameters
full_scans=66
general_profit=0
max_page_sharing=256
merge_across_nodes=1
pages_shared=0
pages_sharing=0
pages_to_scan=100
pages_unshared=0
pages_volatile=0
run=1
sleep_millisecs=200
stable_node_chains=0
stable_node_chains_prune_millisecs=2000
stable_node_dups=0
use_zero_pages=0
[END] Logging ksm system parameters
/proc/19657/ksm_stat=
Interval 33: average_cpu_usage=0.5
[BEGIN] Logging ksm system parameters
full_scans=66
general_profit=0
max_page_sharing=256
merge_across_nodes=1
pages_shared=0
pages_sharing=0
pages_to_scan=100
pages_unshared=0
pages_volatile=0
run=1
sleep_millisecs=200
stable_node_chains=0
stable_node_chains_prune_millisecs=2000
stable_node_dups=0
use_zero_pages=0
[END] Logging ksm system parameters
/proc/19657/ksm_stat=
Interval 34: average_cpu_usage=2.56
[BEGIN] Logging ksm system parameters
full_scans=66
general_profit=0
max_page_sharing=256
merge_across_nodes=1
pages_shared=0
pages_sharing=0
pages_to_scan=100
pages_unshared=0
pages_volatile=0
run=1
sleep_millisecs=200
stable_node_chains=0
stable_node_chains_prune_millisecs=2000
stable_node_dups=0
use_zero_pages=0
[END] Logging ksm system parameters
/proc/19657/ksm_stat=
Interval 35: average_cpu_usage=0.82
[BEGIN] Logging ksm system parameters
full_scans=66
general_profit=0
max_page_sharing=256
merge_across_nodes=1
pages_shared=0
pages_sharing=0
pages_to_scan=100
pages_unshared=0
pages_volatile=0
run=1
sleep_millisecs=200
stable_node_chains=0
stable_node_chains_prune_millisecs=2000
stable_node_dups=0
use_zero_pages=0
[END] Logging ksm system parameters
/proc/19657/ksm_stat=
