num_intervals=35
interval_duration=1
command_executed_in_vms=''
vm_pid_array=21416
Interval 1: average_cpu_usage=9.65
[BEGIN] Logging ksm system parameters
full_scans=66
general_profit=-12800
max_page_sharing=256
merge_across_nodes=1
pages_shared=0
pages_sharing=0
pages_to_scan=100
pages_unshared=0
pages_volatile=300
run=1
sleep_millisecs=200
stable_node_chains=0
stable_node_chains_prune_millisecs=2000
stable_node_dups=0
use_zero_pages=0
[END] Logging ksm system parameters
/proc/21416/ksm_stat=ksm_rmap_items 300 ksm_merging_pages 0 ksm_process_profit -19200
Interval 2: average_cpu_usage=9.97
[BEGIN] Logging ksm system parameters
full_scans=66
general_profit=-51200
max_page_sharing=256
merge_across_nodes=1
pages_shared=0
pages_sharing=0
pages_to_scan=100
pages_unshared=0
pages_volatile=800
run=1
sleep_millisecs=200
stable_node_chains=0
stable_node_chains_prune_millisecs=2000
stable_node_dups=0
use_zero_pages=0
[END] Logging ksm system parameters
/proc/21416/ksm_stat=ksm_rmap_items 800 ksm_merging_pages 0 ksm_process_profit -51200
Interval 3: average_cpu_usage=0.62
[BEGIN] Logging ksm system parameters
full_scans=67
general_profit=-62528
max_page_sharing=256
merge_across_nodes=1
pages_shared=0
pages_sharing=0
pages_to_scan=100
pages_unshared=300
pages_volatile=677
run=1
sleep_millisecs=200
stable_node_chains=0
stable_node_chains_prune_millisecs=2000
stable_node_dups=0
use_zero_pages=0
[END] Logging ksm system parameters
/proc/21416/ksm_stat=ksm_rmap_items 977 ksm_merging_pages 0 ksm_process_profit -62528
Interval 4: average_cpu_usage=1
[BEGIN] Logging ksm system parameters
full_scans=67
general_profit=-62528
max_page_sharing=256
merge_across_nodes=1
pages_shared=0
pages_sharing=0
pages_to_scan=100
pages_unshared=900
pages_volatile=77
run=1
sleep_millisecs=200
stable_node_chains=0
stable_node_chains_prune_millisecs=2000
stable_node_dups=0
use_zero_pages=0
[END] Logging ksm system parameters
/proc/21416/ksm_stat=ksm_rmap_items 977 ksm_merging_pages 0 ksm_process_profit -62528
Interval 5: average_cpu_usage=0.5
[BEGIN] Logging ksm system parameters
full_scans=68
general_profit=-62528
max_page_sharing=256
merge_across_nodes=1
pages_shared=0
pages_sharing=0
pages_to_scan=100
pages_unshared=977
pages_volatile=0
run=1
sleep_millisecs=200
stable_node_chains=0
stable_node_chains_prune_millisecs=2000
stable_node_dups=0
use_zero_pages=0
[END] Logging ksm system parameters
/proc/21416/ksm_stat=ksm_rmap_items 977 ksm_merging_pages 0 ksm_process_profit -62528
Interval 6: average_cpu_usage=0.19
[BEGIN] Logging ksm system parameters
full_scans=68
general_profit=-62528
max_page_sharing=256
merge_across_nodes=1
pages_shared=0
pages_sharing=0
pages_to_scan=100
pages_unshared=977
pages_volatile=0
run=1
sleep_millisecs=200
stable_node_chains=0
stable_node_chains_prune_millisecs=2000
stable_node_dups=0
use_zero_pages=0
[END] Logging ksm system parameters
/proc/21416/ksm_stat=ksm_rmap_items 977 ksm_merging_pages 0 ksm_process_profit -62528
Interval 7: average_cpu_usage=0.5
[BEGIN] Logging ksm system parameters
full_scans=69
general_profit=-62528
max_page_sharing=256
merge_across_nodes=1
pages_shared=0
pages_sharing=0
pages_to_scan=100
pages_unshared=977
pages_volatile=0
run=1
sleep_millisecs=200
stable_node_chains=0
stable_node_chains_prune_millisecs=2000
stable_node_dups=0
use_zero_pages=0
[END] Logging ksm system parameters
/proc/21416/ksm_stat=ksm_rmap_items 977 ksm_merging_pages 0 ksm_process_profit -62528
Interval 8: average_cpu_usage=0.62
[BEGIN] Logging ksm system parameters
full_scans=70
general_profit=-62528
max_page_sharing=256
merge_across_nodes=1
pages_shared=0
pages_sharing=0
pages_to_scan=100
pages_unshared=977
pages_volatile=0
run=1
sleep_millisecs=200
stable_node_chains=0
stable_node_chains_prune_millisecs=2000
stable_node_dups=0
use_zero_pages=0
[END] Logging ksm system parameters
/proc/21416/ksm_stat=ksm_rmap_items 977 ksm_merging_pages 0 ksm_process_profit -62528
Interval 9: average_cpu_usage=0.44
[BEGIN] Logging ksm system parameters
full_scans=70
general_profit=-62528
max_page_sharing=256
merge_across_nodes=1
pages_shared=0
pages_sharing=0
pages_to_scan=100
pages_unshared=977
pages_volatile=0
run=1
sleep_millisecs=200
stable_node_chains=0
stable_node_chains_prune_millisecs=2000
stable_node_dups=0
use_zero_pages=0
[END] Logging ksm system parameters
/proc/21416/ksm_stat=ksm_rmap_items 977 ksm_merging_pages 0 ksm_process_profit -62528
Interval 10: average_cpu_usage=0.56
[BEGIN] Logging ksm system parameters
full_scans=71
general_profit=-68928
max_page_sharing=256
merge_across_nodes=1
pages_shared=0
pages_sharing=0
pages_to_scan=100
pages_unshared=977
pages_volatile=100
run=1
sleep_millisecs=200
stable_node_chains=0
stable_node_chains_prune_millisecs=2000
stable_node_dups=0
use_zero_pages=0
[END] Logging ksm system parameters
/proc/21416/ksm_stat=ksm_rmap_items 1077 ksm_merging_pages 0 ksm_process_profit -68928
Interval 11: average_cpu_usage=0.38
[BEGIN] Logging ksm system parameters
full_scans=71
general_profit=-100928
max_page_sharing=256
merge_across_nodes=1
pages_shared=0
pages_sharing=0
pages_to_scan=100
pages_unshared=977
pages_volatile=700
run=1
sleep_millisecs=200
stable_node_chains=0
stable_node_chains_prune_millisecs=2000
stable_node_dups=0
use_zero_pages=0
[END] Logging ksm system parameters
/proc/21416/ksm_stat=ksm_rmap_items 1677 ksm_merging_pages 0 ksm_process_profit -107328
Interval 12: average_cpu_usage=0.44
[BEGIN] Logging ksm system parameters
full_scans=71
general_profit=-125056
max_page_sharing=256
merge_across_nodes=1
pages_shared=0
pages_sharing=0
pages_to_scan=100
pages_unshared=977
pages_volatile=977
run=1
sleep_millisecs=200
stable_node_chains=0
stable_node_chains_prune_millisecs=2000
stable_node_dups=0
use_zero_pages=0
[END] Logging ksm system parameters
/proc/21416/ksm_stat=ksm_rmap_items 1954 ksm_merging_pages 0 ksm_process_profit -125056
Interval 13: average_cpu_usage=0.38
[BEGIN] Logging ksm system parameters
full_scans=71
general_profit=-125056
max_page_sharing=256
merge_across_nodes=1
pages_shared=0
pages_sharing=0
pages_to_scan=100
pages_unshared=977
pages_volatile=977
run=1
sleep_millisecs=200
stable_node_chains=0
stable_node_chains_prune_millisecs=2000
stable_node_dups=0
use_zero_pages=0
[END] Logging ksm system parameters
/proc/21416/ksm_stat=ksm_rmap_items 1954 ksm_merging_pages 0 ksm_process_profit -125056
Interval 14: average_cpu_usage=0.56
[BEGIN] Logging ksm system parameters
full_scans=72
general_profit=-125056
max_page_sharing=256
merge_across_nodes=1
pages_shared=0
pages_sharing=0
pages_to_scan=100
pages_unshared=1277
pages_volatile=677
run=1
sleep_millisecs=200
stable_node_chains=0
stable_node_chains_prune_millisecs=2000
stable_node_dups=0
use_zero_pages=0
[END] Logging ksm system parameters
/proc/21416/ksm_stat=ksm_rmap_items 1954 ksm_merging_pages 0 ksm_process_profit -125056
Interval 15: average_cpu_usage=0.13
[BEGIN] Logging ksm system parameters
full_scans=72
general_profit=-125056
max_page_sharing=256
merge_across_nodes=1
pages_shared=0
pages_sharing=0
pages_to_scan=100
pages_unshared=1777
pages_volatile=177
run=1
sleep_millisecs=200
stable_node_chains=0
stable_node_chains_prune_millisecs=2000
stable_node_dups=0
use_zero_pages=0
[END] Logging ksm system parameters
/proc/21416/ksm_stat=ksm_rmap_items 1954 ksm_merging_pages 0 ksm_process_profit -125056
Interval 16: average_cpu_usage=0.25
[BEGIN] Logging ksm system parameters
full_scans=72
general_profit=1197952
max_page_sharing=256
merge_across_nodes=1
pages_shared=323
pages_sharing=323
pages_to_scan=100
pages_unshared=1108
pages_volatile=0
run=1
sleep_millisecs=200
stable_node_chains=0
stable_node_chains_prune_millisecs=2000
stable_node_dups=0
use_zero_pages=0
[END] Logging ksm system parameters
/proc/21416/ksm_stat=ksm_rmap_items 1954 ksm_merging_pages 846 ksm_process_profit 3340160
Interval 17: average_cpu_usage=5.42
[BEGIN] Logging ksm system parameters
full_scans=72
general_profit=3655552
max_page_sharing=256
merge_across_nodes=1
pages_shared=923
pages_sharing=923
pages_to_scan=100
pages_unshared=108
pages_volatile=0
run=1
sleep_millisecs=200
stable_node_chains=0
stable_node_chains_prune_millisecs=2000
stable_node_dups=0
use_zero_pages=0
[END] Logging ksm system parameters
/proc/21416/ksm_stat=ksm_rmap_items 1954 ksm_merging_pages 1846 ksm_process_profit 7436160
Interval 18: average_cpu_usage=7
[BEGIN] Logging ksm system parameters
full_scans=73
general_profit=3876736
max_page_sharing=256
merge_across_nodes=1
pages_shared=977
pages_sharing=977
pages_to_scan=100
pages_unshared=0
pages_volatile=0
run=1
sleep_millisecs=200
stable_node_chains=0
stable_node_chains_prune_millisecs=2000
stable_node_dups=0
use_zero_pages=0
[END] Logging ksm system parameters
/proc/21416/ksm_stat=ksm_rmap_items 1954 ksm_merging_pages 1954 ksm_process_profit 7878528
Interval 19: average_cpu_usage=3.7
[BEGIN] Logging ksm system parameters
full_scans=73
general_profit=3876736
max_page_sharing=256
merge_across_nodes=1
pages_shared=977
pages_sharing=977
pages_to_scan=100
pages_unshared=0
pages_volatile=0
run=1
sleep_millisecs=200
stable_node_chains=0
stable_node_chains_prune_millisecs=2000
stable_node_dups=0
use_zero_pages=0
[END] Logging ksm system parameters
/proc/21416/ksm_stat=ksm_rmap_items 1954 ksm_merging_pages 1954 ksm_process_profit 7878528
Interval 20: average_cpu_usage=4.04
[BEGIN] Logging ksm system parameters
full_scans=73
general_profit=2144128
max_page_sharing=256
merge_across_nodes=1
pages_shared=977
pages_sharing=554
pages_to_scan=100
pages_unshared=0
pages_volatile=423
run=1
sleep_millisecs=200
stable_node_chains=0
stable_node_chains_prune_millisecs=2000
stable_node_dups=0
use_zero_pages=0
[END] Logging ksm system parameters
/proc/21416/ksm_stat=ksm_rmap_items 1954 ksm_merging_pages 1531 ksm_process_profit 6145920
Interval 21: average_cpu_usage=7.99
[BEGIN] Logging ksm system parameters
full_scans=73
general_profit=1873792
max_page_sharing=256
merge_across_nodes=1
pages_shared=977
pages_sharing=488
pages_to_scan=100
pages_unshared=0
pages_volatile=489
run=1
sleep_millisecs=200
stable_node_chains=0
stable_node_chains_prune_millisecs=2000
stable_node_dups=0
use_zero_pages=0
[END] Logging ksm system parameters
/proc/21416/ksm_stat=ksm_rmap_items 1954 ksm_merging_pages 1465 ksm_process_profit 5875584
Interval 22: average_cpu_usage=1.44
[BEGIN] Logging ksm system parameters
full_scans=74
general_profit=1873792
max_page_sharing=256
merge_across_nodes=1
pages_shared=977
pages_sharing=488
pages_to_scan=100
pages_unshared=0
pages_volatile=489
run=1
sleep_millisecs=200
stable_node_chains=0
stable_node_chains_prune_millisecs=2000
stable_node_dups=0
use_zero_pages=0
[END] Logging ksm system parameters
/proc/21416/ksm_stat=ksm_rmap_items 1954 ksm_merging_pages 1465 ksm_process_profit 5875584
Interval 23: average_cpu_usage=2.2
[BEGIN] Logging ksm system parameters
full_scans=74
general_profit=1963904
max_page_sharing=256
merge_across_nodes=1
pages_shared=978
pages_sharing=510
pages_to_scan=100
pages_unshared=0
pages_volatile=420
run=1
sleep_millisecs=200
stable_node_chains=0
stable_node_chains_prune_millisecs=2000
stable_node_dups=0
use_zero_pages=0
[END] Logging ksm system parameters
/proc/21416/ksm_stat=ksm_rmap_items 1954 ksm_merging_pages 1588 ksm_process_profit 6379392
Interval 24: average_cpu_usage=1.51
[BEGIN] Logging ksm system parameters
full_scans=74
general_profit=3864448
max_page_sharing=256
merge_across_nodes=1
pages_shared=979
pages_sharing=974
pages_to_scan=100
pages_unshared=1
pages_volatile=0
run=1
sleep_millisecs=200
stable_node_chains=1
stable_node_chains_prune_millisecs=2000
stable_node_dups=2
use_zero_pages=0
[END] Logging ksm system parameters
/proc/21416/ksm_stat=ksm_rmap_items 1954 ksm_merging_pages 1953 ksm_process_profit 7874432
Interval 25: average_cpu_usage=3.12
[BEGIN] Logging ksm system parameters
full_scans=75
general_profit=3864448
max_page_sharing=256
merge_across_nodes=1
pages_shared=979
pages_sharing=974
pages_to_scan=100
pages_unshared=1
pages_volatile=0
run=1
sleep_millisecs=200
stable_node_chains=1
stable_node_chains_prune_millisecs=2000
stable_node_dups=2
use_zero_pages=0
[END] Logging ksm system parameters
/proc/21416/ksm_stat=ksm_rmap_items 1954 ksm_merging_pages 1953 ksm_process_profit 7874432
Interval 26: average_cpu_usage=2.5
[BEGIN] Logging ksm system parameters
full_scans=75
general_profit=3864448
max_page_sharing=256
merge_across_nodes=1
pages_shared=979
pages_sharing=974
pages_to_scan=100
pages_unshared=1
pages_volatile=0
run=1
sleep_millisecs=200
stable_node_chains=1
stable_node_chains_prune_millisecs=2000
stable_node_dups=2
use_zero_pages=0
[END] Logging ksm system parameters
/proc/21416/ksm_stat=ksm_rmap_items 1954 ksm_merging_pages 1953 ksm_process_profit 7874432
Interval 27: average_cpu_usage=3.15
[BEGIN] Logging ksm system parameters
full_scans=75
general_profit=3864448
max_page_sharing=256
merge_across_nodes=1
pages_shared=979
pages_sharing=974
pages_to_scan=100
pages_unshared=1
pages_volatile=0
run=1
sleep_millisecs=200
stable_node_chains=1
stable_node_chains_prune_millisecs=2000
stable_node_dups=2
use_zero_pages=0
[END] Logging ksm system parameters
/proc/21416/ksm_stat=ksm_rmap_items 1954 ksm_merging_pages 1953 ksm_process_profit 7874432
Interval 28: average_cpu_usage=5.35
[BEGIN] Logging ksm system parameters
full_scans=75
general_profit=3864448
max_page_sharing=256
merge_across_nodes=1
pages_shared=979
pages_sharing=974
pages_to_scan=100
pages_unshared=1
pages_volatile=0
run=1
sleep_millisecs=200
stable_node_chains=1
stable_node_chains_prune_millisecs=2000
stable_node_dups=0
use_zero_pages=0
[END] Logging ksm system parameters
/proc/21416/ksm_stat=
Interval 29: average_cpu_usage=4.14
[BEGIN] Logging ksm system parameters
full_scans=76
general_profit=0
max_page_sharing=256
merge_across_nodes=1
pages_shared=0
pages_sharing=0
pages_to_scan=100
pages_unshared=0
pages_volatile=0
run=1
sleep_millisecs=200
stable_node_chains=1
stable_node_chains_prune_millisecs=2000
stable_node_dups=0
use_zero_pages=0
[END] Logging ksm system parameters
/proc/21416/ksm_stat=
Interval 30: average_cpu_usage=6.95
[BEGIN] Logging ksm system parameters
full_scans=76
general_profit=0
max_page_sharing=256
merge_across_nodes=1
pages_shared=0
pages_sharing=0
pages_to_scan=100
pages_unshared=0
pages_volatile=0
run=1
sleep_millisecs=200
stable_node_chains=1
stable_node_chains_prune_millisecs=2000
stable_node_dups=0
use_zero_pages=0
[END] Logging ksm system parameters
/proc/21416/ksm_stat=
Interval 31: average_cpu_usage=5.66
[BEGIN] Logging ksm system parameters
full_scans=76
general_profit=0
max_page_sharing=256
merge_across_nodes=1
pages_shared=0
pages_sharing=0
pages_to_scan=100
pages_unshared=0
pages_volatile=0
run=1
sleep_millisecs=200
stable_node_chains=1
stable_node_chains_prune_millisecs=2000
stable_node_dups=0
use_zero_pages=0
[END] Logging ksm system parameters
/proc/21416/ksm_stat=
Interval 32: average_cpu_usage=2.81
[BEGIN] Logging ksm system parameters
full_scans=76
general_profit=0
max_page_sharing=256
merge_across_nodes=1
pages_shared=0
pages_sharing=0
pages_to_scan=100
pages_unshared=0
pages_volatile=0
run=1
sleep_millisecs=200
stable_node_chains=1
stable_node_chains_prune_millisecs=2000
stable_node_dups=0
use_zero_pages=0
[END] Logging ksm system parameters
/proc/21416/ksm_stat=
Interval 33: average_cpu_usage=2.27
[BEGIN] Logging ksm system parameters
full_scans=76
general_profit=0
max_page_sharing=256
merge_across_nodes=1
pages_shared=0
pages_sharing=0
pages_to_scan=100
pages_unshared=0
pages_volatile=0
run=1
sleep_millisecs=200
stable_node_chains=1
stable_node_chains_prune_millisecs=2000
stable_node_dups=0
use_zero_pages=0
[END] Logging ksm system parameters
/proc/21416/ksm_stat=
Interval 34: average_cpu_usage=2.77
[BEGIN] Logging ksm system parameters
full_scans=76
general_profit=0
max_page_sharing=256
merge_across_nodes=1
pages_shared=0
pages_sharing=0
pages_to_scan=100
pages_unshared=0
pages_volatile=0
run=1
sleep_millisecs=200
stable_node_chains=1
stable_node_chains_prune_millisecs=2000
stable_node_dups=0
use_zero_pages=0
[END] Logging ksm system parameters
/proc/21416/ksm_stat=
Interval 35: average_cpu_usage=2.95
[BEGIN] Logging ksm system parameters
full_scans=76
general_profit=0
max_page_sharing=256
merge_across_nodes=1
pages_shared=0
pages_sharing=0
pages_to_scan=100
pages_unshared=0
pages_volatile=0
run=1
sleep_millisecs=200
stable_node_chains=1
stable_node_chains_prune_millisecs=2000
stable_node_dups=0
use_zero_pages=0
[END] Logging ksm system parameters
/proc/21416/ksm_stat=
