num_intervals=5
interval_duration=60
command_executed_in_vms='swapoff -a; stress-ng -m 2 -t 150'
vm_pid_array=32311
[BEGIN] Logging ksm system parameters
full_scans=346
general_profit=102579456
max_page_sharing=256
merge_across_nodes=1
pages_shared=4882
pages_sharing=26631
pages_to_scan=10000
pages_unshared=68792
pages_volatile=1281
run=1
sleep_millisecs=20
stable_node_chains=3
stable_node_chains_prune_millisecs=2000
stable_node_dups=94
use_zero_pages=0
[END] Logging ksm system parameters
Interval 1: average_cpu_usage=10.61
Interval 1: pages_shared=2917
Interval 1: pages_sharing=14787
Interval 1: general_profit=52067584
Interval 1: /proc/32311/ksm_stat=ksm_rmap_items 132812 ksm_merging_pages 17704 ksm_process_profit 64015616
Interval 2: average_cpu_usage=9.2
Interval 2: pages_shared=2731
Interval 2: pages_sharing=13857
Interval 2: general_profit=48258304
Interval 2: /proc/32311/ksm_stat=ksm_rmap_items 132812 ksm_merging_pages 16588 ksm_process_profit 59444480
Interval 3: average_cpu_usage=6.85
Interval 3: pages_shared=6464
Interval 3: pages_sharing=79333
Interval 3: general_profit=316448000
Interval 3: /proc/32311/ksm_stat=ksm_rmap_items 132812 ksm_merging_pages 85797 ksm_process_profit 342924544
Interval 4: average_cpu_usage=5.46
Interval 4: pages_shared=6175
Interval 4: pages_sharing=79342
Interval 4: general_profit=316484864
Interval 4: /proc/32311/ksm_stat=ksm_rmap_items 132812 ksm_merging_pages 85517 ksm_process_profit 341777664
Interval 5: average_cpu_usage=5.18
Interval 5: pages_shared=6183
Interval 5: pages_sharing=79347
Interval 5: general_profit=316505344
Interval 5: /proc/32311/ksm_stat=ksm_rmap_items 132812 ksm_merging_pages 85530 ksm_process_profit 341830912
