num_intervals=5
interval_duration=60
command_executed_in_vms='swapoff -a; stress-ng -m 2 -t 150'
vm_pid_array=33593 33661
[BEGIN] Logging ksm system parameters
full_scans=1064
general_profit=395110912
max_page_sharing=256
merge_across_nodes=1
pages_shared=53261
pages_sharing=99589
pages_to_scan=10000
pages_unshared=45314
pages_volatile=1924
run=1
sleep_millisecs=20
stable_node_chains=4
stable_node_chains_prune_millisecs=2000
stable_node_dups=186
use_zero_pages=0
[END] Logging ksm system parameters
Interval 1: average_cpu_usage=16.09
Interval 1: pages_shared=22954
Interval 1: pages_sharing=49779
Interval 1: general_profit=186894848
Interval 1: /proc/33593/ksm_stat=ksm_rmap_items 132812 ksm_merging_pages 36300 ksm_process_profit 140184832
Interval 1: /proc/33661/ksm_stat=ksm_rmap_items 132812 ksm_merging_pages 36434 ksm_process_profit 140733696
Interval 2: average_cpu_usage=15.27
Interval 2: pages_shared=21639
Interval 2: pages_sharing=48517
Interval 2: general_profit=181725696
Interval 2: /proc/33593/ksm_stat=ksm_rmap_items 132812 ksm_merging_pages 34541 ksm_process_profit 132979968
Interval 2: /proc/33661/ksm_stat=ksm_rmap_items 132812 ksm_merging_pages 35615 ksm_process_profit 137379072
Interval 3: average_cpu_usage=10.39
Interval 3: pages_shared=54664
Interval 3: pages_sharing=150514
Interval 3: general_profit=599493120
Interval 3: /proc/33593/ksm_stat=ksm_rmap_items 132812 ksm_merging_pages 102486 ksm_process_profit 411282688
Interval 3: /proc/33661/ksm_stat=ksm_rmap_items 132812 ksm_merging_pages 102686 ksm_process_profit 412101888
Interval 4: average_cpu_usage=3.94
Interval 4: pages_shared=54666
Interval 4: pages_sharing=150523
Interval 4: general_profit=599542272
Interval 4: /proc/33593/ksm_stat=ksm_rmap_items 132812 ksm_merging_pages 102507 ksm_process_profit 411368704
Interval 4: /proc/33661/ksm_stat=ksm_rmap_items 132812 ksm_merging_pages 102682 ksm_process_profit 412085504
Interval 5: average_cpu_usage=4.33
Interval 5: pages_shared=54667
Interval 5: pages_sharing=150509
Interval 5: general_profit=599484928
Interval 5: /proc/33593/ksm_stat=ksm_rmap_items 132812 ksm_merging_pages 102483 ksm_process_profit 411270400
Interval 5: /proc/33661/ksm_stat=ksm_rmap_items 132812 ksm_merging_pages 102693 ksm_process_profit 412130560
