num_intervals=5
interval_duration=60
command_executed_in_vms='swapoff -a; stress-ng -m 2 -t 150'
vm_pid_array=35308 35393 35446
[BEGIN] Logging ksm system parameters
full_scans=1574
general_profit=690114432
max_page_sharing=256
merge_across_nodes=1
pages_shared=57918
pages_sharing=173336
pages_to_scan=10000
pages_unshared=78402
pages_volatile=1015
run=1
sleep_millisecs=20
stable_node_chains=5
stable_node_chains_prune_millisecs=2000
stable_node_dups=260
use_zero_pages=0
[END] Logging ksm system parameters
Interval 1: average_cpu_usage=23.19
Interval 1: pages_shared=23992
Interval 1: pages_sharing=83181
Interval 1: general_profit=315307776
Interval 1: /proc/35308/ksm_stat=ksm_rmap_items 132812 ksm_merging_pages 37591 ksm_process_profit 145472768
Interval 1: /proc/35393/ksm_stat=ksm_rmap_items 131276 ksm_merging_pages 32181 ksm_process_profit 123411712
Interval 1: /proc/35446/ksm_stat=ksm_rmap_items 132812 ksm_merging_pages 37401 ksm_process_profit 144694528
Interval 2: average_cpu_usage=21.91
Interval 2: pages_shared=23953
Interval 2: pages_sharing=86154
Interval 2: general_profit=327485184
Interval 2: /proc/35308/ksm_stat=ksm_rmap_items 132812 ksm_merging_pages 36587 ksm_process_profit 141360384
Interval 2: /proc/35393/ksm_stat=ksm_rmap_items 131276 ksm_merging_pages 35557 ksm_process_profit 137239808
Interval 2: /proc/35446/ksm_stat=ksm_rmap_items 132812 ksm_merging_pages 37963 ksm_process_profit 146996480
Interval 3: average_cpu_usage=13.92
Interval 3: pages_shared=64320
Interval 3: pages_sharing=234489
Interval 3: general_profit=935032576
Interval 3: /proc/35308/ksm_stat=ksm_rmap_items 132812 ksm_merging_pages 102954 ksm_process_profit 413199616
Interval 3: /proc/35393/ksm_stat=ksm_rmap_items 131788 ksm_merging_pages 95420 ksm_process_profit 382405888
Interval 3: /proc/35446/ksm_stat=ksm_rmap_items 132812 ksm_merging_pages 100435 ksm_process_profit 402881792
Interval 4: average_cpu_usage=8.75
Interval 4: pages_shared=64334
Interval 4: pages_sharing=234501
Interval 4: general_profit=935081728
Interval 4: /proc/35308/ksm_stat=ksm_rmap_items 132812 ksm_merging_pages 102962 ksm_process_profit 413232384
Interval 4: /proc/35393/ksm_stat=ksm_rmap_items 131788 ksm_merging_pages 95424 ksm_process_profit 382422272
Interval 4: /proc/35446/ksm_stat=ksm_rmap_items 132812 ksm_merging_pages 100449 ksm_process_profit 402939136
Interval 5: average_cpu_usage=6.86
Interval 5: pages_shared=64340
Interval 5: pages_sharing=234484
Interval 5: general_profit=935012096
Interval 5: /proc/35308/ksm_stat=ksm_rmap_items 132812 ksm_merging_pages 102942 ksm_process_profit 413150464
Interval 5: /proc/35393/ksm_stat=ksm_rmap_items 131788 ksm_merging_pages 95415 ksm_process_profit 382385408
Interval 5: /proc/35446/ksm_stat=ksm_rmap_items 132812 ksm_merging_pages 100467 ksm_process_profit 403012864
