num_intervals=30
interval_duration=60
command_executed_in_vms=''
vm_pid_array=95861 95951 96015
Interval 1: average_cpu_usage=1.2
[BEGIN] Logging ksm system parameters
full_scans=1115
general_profit=668628736
max_page_sharing=256
merge_across_nodes=1
pages_shared=52080
pages_sharing=167742
pages_to_scan=1000
pages_unshared=66525
pages_volatile=985
run=1
sleep_millisecs=20
stable_node_chains=5
stable_node_chains_prune_millisecs=2000
stable_node_dups=248
use_zero_pages=0
[END] Logging ksm system parameters
/proc/95861/ksm_stat=ksm_rmap_items 96460 ksm_merging_pages 74086 ksm_process_profit 297282816
/proc/95951/ksm_stat=ksm_rmap_items 95436 ksm_merging_pages 73067 ksm_process_profit 293174528
/proc/96015/ksm_stat=ksm_rmap_items 95436 ksm_merging_pages 72669 ksm_process_profit 291544320
Interval 2: average_cpu_usage=1.65
[BEGIN] Logging ksm system parameters
full_scans=1124
general_profit=668698368
max_page_sharing=256
merge_across_nodes=1
pages_shared=52080
pages_sharing=167746
pages_to_scan=1000
pages_unshared=66375
pages_volatile=1131
run=1
sleep_millisecs=20
stable_node_chains=5
stable_node_chains_prune_millisecs=2000
stable_node_dups=248
use_zero_pages=0
[END] Logging ksm system parameters
/proc/95861/ksm_stat=ksm_rmap_items 96460 ksm_merging_pages 74096 ksm_process_profit 297323776
/proc/95951/ksm_stat=ksm_rmap_items 95436 ksm_merging_pages 73072 ksm_process_profit 293195008
/proc/96015/ksm_stat=ksm_rmap_items 95436 ksm_merging_pages 72648 ksm_process_profit 291458304
Interval 3: average_cpu_usage=1
[BEGIN] Logging ksm system parameters
full_scans=1132
general_profit=668718848
max_page_sharing=256
merge_across_nodes=1
pages_shared=52084
pages_sharing=167751
pages_to_scan=1000
pages_unshared=66395
pages_volatile=1102
run=1
sleep_millisecs=20
stable_node_chains=5
stable_node_chains_prune_millisecs=2000
stable_node_dups=248
use_zero_pages=0
[END] Logging ksm system parameters
/proc/95861/ksm_stat=ksm_rmap_items 96460 ksm_merging_pages 74107 ksm_process_profit 297368832
/proc/95951/ksm_stat=ksm_rmap_items 95436 ksm_merging_pages 73078 ksm_process_profit 293219584
/proc/96015/ksm_stat=ksm_rmap_items 95436 ksm_merging_pages 72650 ksm_process_profit 291466496
Interval 4: average_cpu_usage=1.4
[BEGIN] Logging ksm system parameters
full_scans=1140
general_profit=668616448
max_page_sharing=256
merge_across_nodes=1
pages_shared=52091
pages_sharing=167726
pages_to_scan=1000
pages_unshared=66590
pages_volatile=925
run=1
sleep_millisecs=20
stable_node_chains=5
stable_node_chains_prune_millisecs=2000
stable_node_dups=248
use_zero_pages=0
[END] Logging ksm system parameters
/proc/95861/ksm_stat=ksm_rmap_items 96460 ksm_merging_pages 74096 ksm_process_profit 297323776
/proc/95951/ksm_stat=ksm_rmap_items 95436 ksm_merging_pages 73081 ksm_process_profit 293231872
/proc/96015/ksm_stat=ksm_rmap_items 95436 ksm_merging_pages 72640 ksm_process_profit 291425536
Interval 5: average_cpu_usage=1.37
[BEGIN] Logging ksm system parameters
full_scans=1148
general_profit=668636928
max_page_sharing=256
merge_across_nodes=1
pages_shared=52106
pages_sharing=167731
pages_to_scan=1000
pages_unshared=66329
pages_volatile=1166
run=1
sleep_millisecs=20
stable_node_chains=5
stable_node_chains_prune_millisecs=2000
stable_node_dups=248
use_zero_pages=0
[END] Logging ksm system parameters
/proc/95861/ksm_stat=ksm_rmap_items 96460 ksm_merging_pages 74095 ksm_process_profit 297319680
/proc/95951/ksm_stat=ksm_rmap_items 95436 ksm_merging_pages 73069 ksm_process_profit 293182720
/proc/96015/ksm_stat=ksm_rmap_items 95436 ksm_merging_pages 72673 ksm_process_profit 291560704
Interval 6: average_cpu_usage=1.28
[BEGIN] Logging ksm system parameters
full_scans=1157
general_profit=668428032
max_page_sharing=256
merge_across_nodes=1
pages_shared=52084
pages_sharing=167680
pages_to_scan=1000
pages_unshared=67143
pages_volatile=425
run=1
sleep_millisecs=20
stable_node_chains=5
stable_node_chains_prune_millisecs=2000
stable_node_dups=248
use_zero_pages=0
[END] Logging ksm system parameters
/proc/95861/ksm_stat=ksm_rmap_items 96460 ksm_merging_pages 74078 ksm_process_profit 297250048
/proc/95951/ksm_stat=ksm_rmap_items 95436 ksm_merging_pages 73056 ksm_process_profit 293129472
/proc/96015/ksm_stat=ksm_rmap_items 95436 ksm_merging_pages 72630 ksm_process_profit 291384576
Interval 7: average_cpu_usage=1.36
[BEGIN] Logging ksm system parameters
full_scans=1165
general_profit=668407552
max_page_sharing=256
merge_across_nodes=1
pages_shared=52085
pages_sharing=167675
pages_to_scan=1000
pages_unshared=66289
pages_volatile=1283
run=1
sleep_millisecs=20
stable_node_chains=5
stable_node_chains_prune_millisecs=2000
stable_node_dups=248
use_zero_pages=0
[END] Logging ksm system parameters
/proc/95861/ksm_stat=ksm_rmap_items 96460 ksm_merging_pages 74088 ksm_process_profit 297291008
/proc/95951/ksm_stat=ksm_rmap_items 95436 ksm_merging_pages 73055 ksm_process_profit 293125376
/proc/96015/ksm_stat=ksm_rmap_items 95436 ksm_merging_pages 72617 ksm_process_profit 291331328
Interval 8: average_cpu_usage=1.45
[BEGIN] Logging ksm system parameters
full_scans=1173
general_profit=668333824
max_page_sharing=256
merge_across_nodes=1
pages_shared=52084
pages_sharing=167657
pages_to_scan=1000
pages_unshared=66371
pages_volatile=1220
run=1
sleep_millisecs=20
stable_node_chains=5
stable_node_chains_prune_millisecs=2000
stable_node_dups=248
use_zero_pages=0
[END] Logging ksm system parameters
/proc/95861/ksm_stat=ksm_rmap_items 96460 ksm_merging_pages 74071 ksm_process_profit 297221376
/proc/95951/ksm_stat=ksm_rmap_items 95436 ksm_merging_pages 73059 ksm_process_profit 293141760
/proc/96015/ksm_stat=ksm_rmap_items 95436 ksm_merging_pages 72611 ksm_process_profit 291306752
Interval 9: average_cpu_usage=1.19
[BEGIN] Logging ksm system parameters
full_scans=1181
general_profit=668329728
max_page_sharing=256
merge_across_nodes=1
pages_shared=52092
pages_sharing=167669
pages_to_scan=1000
pages_unshared=66467
pages_volatile=1091
run=1
sleep_millisecs=20
stable_node_chains=5
stable_node_chains_prune_millisecs=2000
stable_node_dups=248
use_zero_pages=0
[END] Logging ksm system parameters
/proc/95861/ksm_stat=ksm_rmap_items 96460 ksm_merging_pages 74072 ksm_process_profit 297225472
/proc/95951/ksm_stat=ksm_rmap_items 95436 ksm_merging_pages 73060 ksm_process_profit 293145856
/proc/96015/ksm_stat=ksm_rmap_items 95436 ksm_merging_pages 72642 ksm_process_profit 291433728
Interval 10: average_cpu_usage=1.37
[BEGIN] Logging ksm system parameters
full_scans=1189
general_profit=668395264
max_page_sharing=256
merge_across_nodes=1
pages_shared=52088
pages_sharing=167672
pages_to_scan=1000
pages_unshared=67185
pages_volatile=387
run=1
sleep_millisecs=20
stable_node_chains=5
stable_node_chains_prune_millisecs=2000
stable_node_dups=248
use_zero_pages=0
[END] Logging ksm system parameters
/proc/95861/ksm_stat=ksm_rmap_items 96460 ksm_merging_pages 74076 ksm_process_profit 297241856
/proc/95951/ksm_stat=ksm_rmap_items 95436 ksm_merging_pages 73057 ksm_process_profit 293133568
/proc/96015/ksm_stat=ksm_rmap_items 95436 ksm_merging_pages 72627 ksm_process_profit 291372288
Interval 11: average_cpu_usage=1.44
[BEGIN] Logging ksm system parameters
full_scans=1198
general_profit=668444416
max_page_sharing=256
merge_across_nodes=1
pages_shared=52101
pages_sharing=167684
pages_to_scan=1000
pages_unshared=67124
pages_volatile=423
run=1
sleep_millisecs=20
stable_node_chains=5
stable_node_chains_prune_millisecs=2000
stable_node_dups=248
use_zero_pages=0
[END] Logging ksm system parameters
/proc/95861/ksm_stat=ksm_rmap_items 96460 ksm_merging_pages 74097 ksm_process_profit 297327872
/proc/95951/ksm_stat=ksm_rmap_items 95436 ksm_merging_pages 73062 ksm_process_profit 293154048
/proc/96015/ksm_stat=ksm_rmap_items 95436 ksm_merging_pages 72625 ksm_process_profit 291364096
Interval 12: average_cpu_usage=1.33
[BEGIN] Logging ksm system parameters
full_scans=1206
general_profit=668374784
max_page_sharing=256
merge_across_nodes=1
pages_shared=52094
pages_sharing=167667
pages_to_scan=1000
pages_unshared=66544
pages_volatile=1027
run=1
sleep_millisecs=20
stable_node_chains=5
stable_node_chains_prune_millisecs=2000
stable_node_dups=248
use_zero_pages=0
[END] Logging ksm system parameters
/proc/95861/ksm_stat=ksm_rmap_items 96460 ksm_merging_pages 74079 ksm_process_profit 297254144
/proc/95951/ksm_stat=ksm_rmap_items 95436 ksm_merging_pages 73067 ksm_process_profit 293174528
/proc/96015/ksm_stat=ksm_rmap_items 95436 ksm_merging_pages 72617 ksm_process_profit 291331328
Interval 13: average_cpu_usage=1.23
[BEGIN] Logging ksm system parameters
full_scans=1214
general_profit=668337920
max_page_sharing=256
merge_across_nodes=1
pages_shared=52089
pages_sharing=167658
pages_to_scan=1000
pages_unshared=66501
pages_volatile=1084
run=1
sleep_millisecs=20
stable_node_chains=5
stable_node_chains_prune_millisecs=2000
stable_node_dups=248
use_zero_pages=0
[END] Logging ksm system parameters
/proc/95861/ksm_stat=ksm_rmap_items 96460 ksm_merging_pages 74074 ksm_process_profit 297233664
/proc/95951/ksm_stat=ksm_rmap_items 95436 ksm_merging_pages 73058 ksm_process_profit 293137664
/proc/96015/ksm_stat=ksm_rmap_items 95436 ksm_merging_pages 72637 ksm_process_profit 291413248
Interval 14: average_cpu_usage=1.18
[BEGIN] Logging ksm system parameters
full_scans=1223
general_profit=668452608
max_page_sharing=256
merge_across_nodes=1
pages_shared=52090
pages_sharing=167686
pages_to_scan=1000
pages_unshared=66842
pages_volatile=714
run=1
sleep_millisecs=20
stable_node_chains=5
stable_node_chains_prune_millisecs=2000
stable_node_dups=248
use_zero_pages=0
[END] Logging ksm system parameters
/proc/95861/ksm_stat=ksm_rmap_items 96460 ksm_merging_pages 74072 ksm_process_profit 297225472
/proc/95951/ksm_stat=ksm_rmap_items 95436 ksm_merging_pages 73050 ksm_process_profit 293104896
/proc/96015/ksm_stat=ksm_rmap_items 95436 ksm_merging_pages 72654 ksm_process_profit 291482880
Interval 15: average_cpu_usage=1.55
[BEGIN] Logging ksm system parameters
full_scans=1231
general_profit=668481280
max_page_sharing=256
merge_across_nodes=1
pages_shared=52091
pages_sharing=167693
pages_to_scan=1000
pages_unshared=66984
pages_volatile=564
run=1
sleep_millisecs=20
stable_node_chains=5
stable_node_chains_prune_millisecs=2000
stable_node_dups=248
use_zero_pages=0
[END] Logging ksm system parameters
/proc/95861/ksm_stat=ksm_rmap_items 96460 ksm_merging_pages 74090 ksm_process_profit 297299200
/proc/95951/ksm_stat=ksm_rmap_items 95436 ksm_merging_pages 73047 ksm_process_profit 293092608
/proc/96015/ksm_stat=ksm_rmap_items 95436 ksm_merging_pages 72647 ksm_process_profit 291454208
Interval 16: average_cpu_usage=1.15
[BEGIN] Logging ksm system parameters
full_scans=1239
general_profit=668542720
max_page_sharing=256
merge_across_nodes=1
pages_shared=52224
pages_sharing=167708
pages_to_scan=1000
pages_unshared=66903
pages_volatile=497
run=1
sleep_millisecs=20
stable_node_chains=5
stable_node_chains_prune_millisecs=2000
stable_node_dups=248
use_zero_pages=0
[END] Logging ksm system parameters
/proc/95861/ksm_stat=ksm_rmap_items 96460 ksm_merging_pages 74111 ksm_process_profit 297385216
/proc/95951/ksm_stat=ksm_rmap_items 95436 ksm_merging_pages 73112 ksm_process_profit 293358848
/proc/96015/ksm_stat=ksm_rmap_items 95436 ksm_merging_pages 72709 ksm_process_profit 291708160
Interval 17: average_cpu_usage=1.3
[BEGIN] Logging ksm system parameters
full_scans=1247
general_profit=668563200
max_page_sharing=256
merge_across_nodes=1
pages_shared=52232
pages_sharing=167713
pages_to_scan=1000
pages_unshared=67005
pages_volatile=382
run=1
sleep_millisecs=20
stable_node_chains=5
stable_node_chains_prune_millisecs=2000
stable_node_dups=248
use_zero_pages=0
[END] Logging ksm system parameters
/proc/95861/ksm_stat=ksm_rmap_items 96460 ksm_merging_pages 74112 ksm_process_profit 297389312
/proc/95951/ksm_stat=ksm_rmap_items 95436 ksm_merging_pages 73102 ksm_process_profit 293317888
/proc/96015/ksm_stat=ksm_rmap_items 95436 ksm_merging_pages 72731 ksm_process_profit 291798272
Interval 18: average_cpu_usage=1.11
[BEGIN] Logging ksm system parameters
full_scans=1256
general_profit=668530432
max_page_sharing=256
merge_across_nodes=1
pages_shared=52214
pages_sharing=167705
pages_to_scan=1000
pages_unshared=67017
pages_volatile=396
run=1
sleep_millisecs=20
stable_node_chains=5
stable_node_chains_prune_millisecs=2000
stable_node_dups=248
use_zero_pages=0
[END] Logging ksm system parameters
/proc/95861/ksm_stat=ksm_rmap_items 96460 ksm_merging_pages 74107 ksm_process_profit 297368832
/proc/95951/ksm_stat=ksm_rmap_items 95436 ksm_merging_pages 73104 ksm_process_profit 293326080
/proc/96015/ksm_stat=ksm_rmap_items 95436 ksm_merging_pages 72708 ksm_process_profit 291704064
Interval 19: average_cpu_usage=1.4
[BEGIN] Logging ksm system parameters
full_scans=1264
general_profit=668485376
max_page_sharing=256
merge_across_nodes=1
pages_shared=52218
pages_sharing=167694
pages_to_scan=1000
pages_unshared=66203
pages_volatile=1217
run=1
sleep_millisecs=20
stable_node_chains=5
stable_node_chains_prune_millisecs=2000
stable_node_dups=248
use_zero_pages=0
[END] Logging ksm system parameters
/proc/95861/ksm_stat=ksm_rmap_items 96460 ksm_merging_pages 74117 ksm_process_profit 297409792
/proc/95951/ksm_stat=ksm_rmap_items 95436 ksm_merging_pages 73095 ksm_process_profit 293289216
/proc/96015/ksm_stat=ksm_rmap_items 95436 ksm_merging_pages 72700 ksm_process_profit 291671296
Interval 20: average_cpu_usage=1.26
[BEGIN] Logging ksm system parameters
full_scans=1272
general_profit=668452608
max_page_sharing=256
merge_across_nodes=1
pages_shared=52218
pages_sharing=167686
pages_to_scan=1000
pages_unshared=66523
pages_volatile=905
run=1
sleep_millisecs=20
stable_node_chains=5
stable_node_chains_prune_millisecs=2000
stable_node_dups=248
use_zero_pages=0
[END] Logging ksm system parameters
/proc/95861/ksm_stat=ksm_rmap_items 96460 ksm_merging_pages 74102 ksm_process_profit 297348352
/proc/95951/ksm_stat=ksm_rmap_items 95436 ksm_merging_pages 73099 ksm_process_profit 293305600
/proc/96015/ksm_stat=ksm_rmap_items 95436 ksm_merging_pages 72703 ksm_process_profit 291683584
Interval 21: average_cpu_usage=1.27
[BEGIN] Logging ksm system parameters
full_scans=1280
general_profit=668501760
max_page_sharing=256
merge_across_nodes=1
pages_shared=52225
pages_sharing=167698
pages_to_scan=1000
pages_unshared=66634
pages_volatile=775
run=1
sleep_millisecs=20
stable_node_chains=5
stable_node_chains_prune_millisecs=2000
stable_node_dups=248
use_zero_pages=0
[END] Logging ksm system parameters
/proc/95861/ksm_stat=ksm_rmap_items 96460 ksm_merging_pages 74103 ksm_process_profit 297352448
/proc/95951/ksm_stat=ksm_rmap_items 95436 ksm_merging_pages 73100 ksm_process_profit 293309696
/proc/96015/ksm_stat=ksm_rmap_items 95436 ksm_merging_pages 72720 ksm_process_profit 291753216
Interval 22: average_cpu_usage=1.36
[BEGIN] Logging ksm system parameters
full_scans=1289
general_profit=668493568
max_page_sharing=256
merge_across_nodes=1
pages_shared=52217
pages_sharing=167696
pages_to_scan=1000
pages_unshared=66939
pages_volatile=480
run=1
sleep_millisecs=20
stable_node_chains=5
stable_node_chains_prune_millisecs=2000
stable_node_dups=248
use_zero_pages=0
[END] Logging ksm system parameters
/proc/95861/ksm_stat=ksm_rmap_items 96460 ksm_merging_pages 74109 ksm_process_profit 297377024
/proc/95951/ksm_stat=ksm_rmap_items 95436 ksm_merging_pages 73097 ksm_process_profit 293297408
/proc/96015/ksm_stat=ksm_rmap_items 95436 ksm_merging_pages 72707 ksm_process_profit 291699968
Interval 23: average_cpu_usage=1.33
[BEGIN] Logging ksm system parameters
full_scans=1297
general_profit=668538624
max_page_sharing=256
merge_across_nodes=1
pages_shared=52229
pages_sharing=167707
pages_to_scan=1000
pages_unshared=67008
pages_volatile=388
run=1
sleep_millisecs=20
stable_node_chains=5
stable_node_chains_prune_millisecs=2000
stable_node_dups=248
use_zero_pages=0
[END] Logging ksm system parameters
/proc/95861/ksm_stat=ksm_rmap_items 96460 ksm_merging_pages 74123 ksm_process_profit 297434368
/proc/95951/ksm_stat=ksm_rmap_items 95436 ksm_merging_pages 73099 ksm_process_profit 293305600
/proc/96015/ksm_stat=ksm_rmap_items 95436 ksm_merging_pages 72714 ksm_process_profit 291728640
Interval 24: average_cpu_usage=1.04
[BEGIN] Logging ksm system parameters
full_scans=1305
general_profit=668477184
max_page_sharing=256
merge_across_nodes=1
pages_shared=52231
pages_sharing=167692
pages_to_scan=1000
pages_unshared=66957
pages_volatile=453
run=1
sleep_millisecs=20
stable_node_chains=5
stable_node_chains_prune_millisecs=2000
stable_node_dups=248
use_zero_pages=0
[END] Logging ksm system parameters
/proc/95861/ksm_stat=ksm_rmap_items 96460 ksm_merging_pages 74118 ksm_process_profit 297413888
/proc/95951/ksm_stat=ksm_rmap_items 95436 ksm_merging_pages 73116 ksm_process_profit 293375232
/proc/96015/ksm_stat=ksm_rmap_items 95436 ksm_merging_pages 72689 ksm_process_profit 291626240
Interval 25: average_cpu_usage=1.66
[BEGIN] Logging ksm system parameters
full_scans=1313
general_profit=668485376
max_page_sharing=256
merge_across_nodes=1
pages_shared=52230
pages_sharing=167694
pages_to_scan=1000
pages_unshared=66866
pages_volatile=542
run=1
sleep_millisecs=20
stable_node_chains=5
stable_node_chains_prune_millisecs=2000
stable_node_dups=248
use_zero_pages=0
[END] Logging ksm system parameters
/proc/95861/ksm_stat=ksm_rmap_items 96460 ksm_merging_pages 74115 ksm_process_profit 297401600
/proc/95951/ksm_stat=ksm_rmap_items 95436 ksm_merging_pages 73102 ksm_process_profit 293317888
/proc/96015/ksm_stat=ksm_rmap_items 95436 ksm_merging_pages 72705 ksm_process_profit 291691776
Interval 26: average_cpu_usage=0.92
[BEGIN] Logging ksm system parameters
full_scans=1322
general_profit=668497664
max_page_sharing=256
merge_across_nodes=1
pages_shared=52233
pages_sharing=167697
pages_to_scan=1000
pages_unshared=66988
pages_volatile=414
run=1
sleep_millisecs=20
stable_node_chains=5
stable_node_chains_prune_millisecs=2000
stable_node_dups=248
use_zero_pages=0
[END] Logging ksm system parameters
/proc/95861/ksm_stat=ksm_rmap_items 96460 ksm_merging_pages 74131 ksm_process_profit 297467136
/proc/95951/ksm_stat=ksm_rmap_items 95436 ksm_merging_pages 73098 ksm_process_profit 293301504
/proc/96015/ksm_stat=ksm_rmap_items 95436 ksm_merging_pages 72701 ksm_process_profit 291675392
Interval 27: average_cpu_usage=0.92
[BEGIN] Logging ksm system parameters
full_scans=1330
general_profit=668481280
max_page_sharing=256
merge_across_nodes=1
pages_shared=52229
pages_sharing=167693
pages_to_scan=1000
pages_unshared=67037
pages_volatile=373
run=1
sleep_millisecs=20
stable_node_chains=5
stable_node_chains_prune_millisecs=2000
stable_node_dups=248
use_zero_pages=0
[END] Logging ksm system parameters
/proc/95861/ksm_stat=ksm_rmap_items 96460 ksm_merging_pages 74125 ksm_process_profit 297442560
/proc/95951/ksm_stat=ksm_rmap_items 95436 ksm_merging_pages 73100 ksm_process_profit 293309696
/proc/96015/ksm_stat=ksm_rmap_items 95436 ksm_merging_pages 72697 ksm_process_profit 291659008
Interval 28: average_cpu_usage=1.21
[BEGIN] Logging ksm system parameters
full_scans=1338
general_profit=668419840
max_page_sharing=256
merge_across_nodes=1
pages_shared=52238
pages_sharing=167678
pages_to_scan=1000
pages_unshared=66992
pages_volatile=424
run=1
sleep_millisecs=20
stable_node_chains=5
stable_node_chains_prune_millisecs=2000
stable_node_dups=248
use_zero_pages=0
[END] Logging ksm system parameters
/proc/95861/ksm_stat=ksm_rmap_items 96460 ksm_merging_pages 74114 ksm_process_profit 297397504
/proc/95951/ksm_stat=ksm_rmap_items 95436 ksm_merging_pages 73099 ksm_process_profit 293305600
/proc/96015/ksm_stat=ksm_rmap_items 95436 ksm_merging_pages 72703 ksm_process_profit 291683584
Interval 29: average_cpu_usage=1.41
[BEGIN] Logging ksm system parameters
full_scans=1346
general_profit=668436224
max_page_sharing=256
merge_across_nodes=1
pages_shared=52232
pages_sharing=167682
pages_to_scan=1000
pages_unshared=66937
pages_volatile=483
run=1
sleep_millisecs=20
stable_node_chains=5
stable_node_chains_prune_millisecs=2000
stable_node_dups=248
use_zero_pages=0
[END] Logging ksm system parameters
/proc/95861/ksm_stat=ksm_rmap_items 96460 ksm_merging_pages 74115 ksm_process_profit 297401600
/proc/95951/ksm_stat=ksm_rmap_items 95436 ksm_merging_pages 73084 ksm_process_profit 293244160
/proc/96015/ksm_stat=ksm_rmap_items 95436 ksm_merging_pages 72713 ksm_process_profit 291724544
Interval 30: average_cpu_usage=1.36
[BEGIN] Logging ksm system parameters
full_scans=1355
general_profit=668387072
max_page_sharing=256
merge_across_nodes=1
pages_shared=52209
pages_sharing=167670
pages_to_scan=1000
pages_unshared=66415
pages_volatile=1038
run=1
sleep_millisecs=20
stable_node_chains=5
stable_node_chains_prune_millisecs=2000
stable_node_dups=248
use_zero_pages=0
[END] Logging ksm system parameters
/proc/95861/ksm_stat=ksm_rmap_items 96460 ksm_merging_pages 74096 ksm_process_profit 297323776
/proc/95951/ksm_stat=ksm_rmap_items 95436 ksm_merging_pages 73084 ksm_process_profit 293244160
/proc/96015/ksm_stat=ksm_rmap_items 95436 ksm_merging_pages 72699 ksm_process_profit 291667200
