num_intervals=10
interval_duration=1
Interval 1: pages_shared=6
Interval 1: pages_sharing=1469
Interval 1: general_profit=5774592
Interval 2: pages_shared=13
Interval 2: pages_sharing=1741
Interval 2: general_profit=6888704
Interval 3: pages_shared=13
Interval 3: pages_sharing=1741
Interval 3: general_profit=6862336
Interval 4: pages_shared=13
Interval 4: pages_sharing=1741
Interval 4: general_profit=6830336
Interval 5: pages_shared=13
Interval 5: pages_sharing=1741
Interval 5: general_profit=6798336
Interval 6: pages_shared=13
Interval 6: pages_sharing=1866
Interval 6: general_profit=7278336
Interval 7: pages_shared=13
Interval 7: pages_sharing=1898
Interval 7: general_profit=7377408
Interval 8: pages_shared=13
Interval 8: pages_sharing=1898
Interval 8: general_profit=7345408
Interval 9: pages_shared=13
Interval 9: pages_sharing=1898
Interval 9: general_profit=7313408
Interval 10: pages_shared=13
Interval 10: pages_sharing=1898
Interval 10: general_profit=7281408
