num_intervals=10
interval_duration=60
Interval 1: pages_shared=13
Interval 1: pages_sharing=1898
Interval 1: general_profit=6027008
Interval 2: pages_shared=13
Interval 2: pages_sharing=1898
Interval 2: general_profit=4145408
Interval 3: pages_shared=13
Interval 3: pages_sharing=1929
Interval 3: general_profit=2390784
Interval 4: pages_shared=58
Interval 4: pages_sharing=4788
Interval 4: general_profit=13307136
Interval 5: pages_shared=100
Interval 5: pages_sharing=7139
Interval 5: general_profit=22936832
Interval 6: pages_shared=1599
Interval 6: pages_sharing=13081
Interval 6: general_profit=47275264
Interval 7: pages_shared=2630
Interval 7: pages_sharing=25801
Interval 7: general_profit=99376384
Interval 8: pages_shared=2633
Interval 8: pages_sharing=25802
Interval 8: general_profit=99380480
Interval 9: pages_shared=2636
Interval 9: pages_sharing=25813
Interval 9: general_profit=99425536
Interval 10: pages_shared=2637
Interval 10: pages_sharing=25816
Interval 10: general_profit=99437824
