num_intervals=10
interval_duration=1
vm_pid_array=18378 18449
[BEGIN] Logging ksm system parameters
full_scans=4316
general_profit=351705600
max_page_sharing=256
merge_across_nodes=1
pages_shared=43462
pages_sharing=89462
pages_to_scan=10000
pages_unshared=46273
pages_volatile=13181
run=1
sleep_millisecs=20
stable_node_chains=4
stable_node_chains_prune_millisecs=2000
stable_node_dups=179
use_zero_pages=0
[END] Logging ksm system parameters
Interval 1: average_cpu_usage=11.12
Interval 1: pages_shared=48274
Interval 1: pages_sharing=95535
Interval 1: general_profit=378841600
Interval 1: /proc/18378/ksm_stat=ksm_rmap_items 102092 ksm_merging_pages 75610 ksm_process_profit 303164672
Interval 1: /proc/18449/ksm_stat=ksm_rmap_items 95436 ksm_merging_pages 68463 ksm_process_profit 274316544
Interval 2: average_cpu_usage=18.4
Interval 2: pages_shared=50640
Interval 2: pages_sharing=97987
Interval 2: general_profit=388708864
Interval 2: /proc/18378/ksm_stat=ksm_rmap_items 102092 ksm_merging_pages 77713 ksm_process_profit 311778560
Interval 2: /proc/18449/ksm_stat=ksm_rmap_items 95436 ksm_merging_pages 70907 ksm_process_profit 284327168
Interval 3: average_cpu_usage=13.11
Interval 3: pages_shared=50728
Interval 3: pages_sharing=98237
Interval 3: general_profit=389736960
Interval 3: /proc/18378/ksm_stat=ksm_rmap_items 102092 ksm_merging_pages 78033 ksm_process_profit 313089280
Interval 3: /proc/18449/ksm_stat=ksm_rmap_items 95436 ksm_merging_pages 70926 ksm_process_profit 284404992
Interval 4: average_cpu_usage=12.88
Interval 4: pages_shared=50662
Interval 4: pages_sharing=98015
Interval 4: general_profit=388827648
Interval 4: /proc/18378/ksm_stat=ksm_rmap_items 102092 ksm_merging_pages 78025 ksm_process_profit 313056512
Interval 4: /proc/18449/ksm_stat=ksm_rmap_items 95436 ksm_merging_pages 70652 ksm_process_profit 283282688
Interval 5: average_cpu_usage=7.28
Interval 5: pages_shared=50820
Interval 5: pages_sharing=98338
Interval 5: general_profit=390150656
Interval 5: /proc/18378/ksm_stat=ksm_rmap_items 102092 ksm_merging_pages 78130 ksm_process_profit 313486592
Interval 5: /proc/18449/ksm_stat=ksm_rmap_items 95436 ksm_merging_pages 71028 ksm_process_profit 284822784
Interval 6: average_cpu_usage=17.83
Interval 6: pages_shared=50823
Interval 6: pages_sharing=98338
Interval 6: general_profit=390154752
Interval 6: /proc/18378/ksm_stat=ksm_rmap_items 102092 ksm_merging_pages 78132 ksm_process_profit 313494784
Interval 6: /proc/18449/ksm_stat=ksm_rmap_items 95436 ksm_merging_pages 71035 ksm_process_profit 284851456
Interval 7: average_cpu_usage=15.41
Interval 7: pages_shared=50833
Interval 7: pages_sharing=98345
Interval 7: general_profit=390183424
Interval 7: /proc/18378/ksm_stat=ksm_rmap_items 102092 ksm_merging_pages 78162 ksm_process_profit 313617664
Interval 7: /proc/18449/ksm_stat=ksm_rmap_items 95436 ksm_merging_pages 71017 ksm_process_profit 284777728
Interval 8: average_cpu_usage=22.36
Interval 8: pages_shared=50825
Interval 8: pages_sharing=98339
Interval 8: general_profit=390154752
Interval 8: /proc/18378/ksm_stat=ksm_rmap_items 102092 ksm_merging_pages 78134 ksm_process_profit 313502976
Interval 8: /proc/18449/ksm_stat=ksm_rmap_items 95436 ksm_merging_pages 71030 ksm_process_profit 284830976
Interval 9: average_cpu_usage=26.96
Interval 9: pages_shared=50823
Interval 9: pages_sharing=98334
Interval 9: general_profit=390134272
Interval 9: /proc/18378/ksm_stat=ksm_rmap_items 102092 ksm_merging_pages 78131 ksm_process_profit 313490688
Interval 9: /proc/18449/ksm_stat=ksm_rmap_items 95436 ksm_merging_pages 71029 ksm_process_profit 284826880
Interval 10: average_cpu_usage=16.68
Interval 10: pages_shared=50827
Interval 10: pages_sharing=98336
Interval 10: general_profit=390142464
Interval 10: /proc/18378/ksm_stat=ksm_rmap_items 102092 ksm_merging_pages 78133 ksm_process_profit 313498880
Interval 10: /proc/18449/ksm_stat=ksm_rmap_items 95436 ksm_merging_pages 71030 ksm_process_profit 284830976
