num_intervals=30
interval_duration=60
command_executed_in_vms=''
vm_pid_array=9580 9640 9694
Interval 1: average_cpu_usage=12.85
[BEGIN] Logging ksm system parameters
full_scans=169
general_profit=691988224
max_page_sharing=256
merge_across_nodes=1
pages_shared=53318
pages_sharing=173590
pages_to_scan=1000
pages_unshared=69208
pages_volatile=1456
run=1
sleep_millisecs=20
stable_node_chains=5
stable_node_chains_prune_millisecs=2000
stable_node_dups=274
use_zero_pages=0
[END] Logging ksm system parameters
/proc/9580/ksm_stat=ksm_rmap_items 98508 ksm_merging_pages 77389 ksm_process_profit 310680832
/proc/9640/ksm_stat=ksm_rmap_items 101580 ksm_merging_pages 76643 ksm_process_profit 307428608
/proc/9694/ksm_stat=ksm_rmap_items 97484 ksm_merging_pages 72866 ksm_process_profit 292220160
Interval 2: average_cpu_usage=4.93
[BEGIN] Logging ksm system parameters
full_scans=177
general_profit=692029184
max_page_sharing=256
merge_across_nodes=1
pages_shared=53335
pages_sharing=173602
pages_to_scan=1000
pages_unshared=70032
pages_volatile=603
run=1
sleep_millisecs=20
stable_node_chains=5
stable_node_chains_prune_millisecs=2000
stable_node_dups=274
use_zero_pages=0
[END] Logging ksm system parameters
/proc/9580/ksm_stat=ksm_rmap_items 98508 ksm_merging_pages 77417 ksm_process_profit 310795520
/proc/9640/ksm_stat=ksm_rmap_items 101580 ksm_merging_pages 76657 ksm_process_profit 307485952
/proc/9694/ksm_stat=ksm_rmap_items 97484 ksm_merging_pages 72863 ksm_process_profit 292207872
Interval 3: average_cpu_usage=4.33
[BEGIN] Logging ksm system parameters
full_scans=185
general_profit=692025088
max_page_sharing=256
merge_across_nodes=1
pages_shared=53342
pages_sharing=173601
pages_to_scan=1000
pages_unshared=70093
pages_volatile=536
run=1
sleep_millisecs=20
stable_node_chains=5
stable_node_chains_prune_millisecs=2000
stable_node_dups=274
use_zero_pages=0
[END] Logging ksm system parameters
/proc/9580/ksm_stat=ksm_rmap_items 98508 ksm_merging_pages 77403 ksm_process_profit 310738176
/proc/9640/ksm_stat=ksm_rmap_items 101580 ksm_merging_pages 76671 ksm_process_profit 307543296
/proc/9694/ksm_stat=ksm_rmap_items 97484 ksm_merging_pages 72869 ksm_process_profit 292232448
Interval 4: average_cpu_usage=4.21
[BEGIN] Logging ksm system parameters
full_scans=192
general_profit=691189504
max_page_sharing=256
merge_across_nodes=1
pages_shared=53296
pages_sharing=173397
pages_to_scan=1000
pages_unshared=70206
pages_volatile=673
run=1
sleep_millisecs=20
stable_node_chains=5
stable_node_chains_prune_millisecs=2000
stable_node_dups=274
use_zero_pages=0
[END] Logging ksm system parameters
/proc/9580/ksm_stat=ksm_rmap_items 98508 ksm_merging_pages 77141 ksm_process_profit 309665024
/proc/9640/ksm_stat=ksm_rmap_items 101580 ksm_merging_pages 76665 ksm_process_profit 307518720
/proc/9694/ksm_stat=ksm_rmap_items 97484 ksm_merging_pages 72887 ksm_process_profit 292306176
Interval 5: average_cpu_usage=4.75
[BEGIN] Logging ksm system parameters
full_scans=200
general_profit=689854208
max_page_sharing=256
merge_across_nodes=1
pages_shared=53266
pages_sharing=173263
pages_to_scan=1000
pages_unshared=82858
pages_volatile=474
run=1
sleep_millisecs=20
stable_node_chains=5
stable_node_chains_prune_millisecs=2000
stable_node_dups=274
use_zero_pages=0
[END] Logging ksm system parameters
/proc/9580/ksm_stat=ksm_rmap_items 110796 ksm_merging_pages 76999 ksm_process_profit 308296960
/proc/9640/ksm_stat=ksm_rmap_items 101580 ksm_merging_pages 76664 ksm_process_profit 307514624
/proc/9694/ksm_stat=ksm_rmap_items 97484 ksm_merging_pages 72866 ksm_process_profit 292220160
Interval 6: average_cpu_usage=5.28
[BEGIN] Logging ksm system parameters
full_scans=207
general_profit=689723136
max_page_sharing=256
merge_across_nodes=1
pages_shared=53261
pages_sharing=173231
pages_to_scan=1000
pages_unshared=82905
pages_volatile=464
run=1
sleep_millisecs=20
stable_node_chains=5
stable_node_chains_prune_millisecs=2000
stable_node_dups=274
use_zero_pages=0
[END] Logging ksm system parameters
/proc/9580/ksm_stat=ksm_rmap_items 110796 ksm_merging_pages 76989 ksm_process_profit 308256000
/proc/9640/ksm_stat=ksm_rmap_items 101580 ksm_merging_pages 76648 ksm_process_profit 307449088
/proc/9694/ksm_stat=ksm_rmap_items 97484 ksm_merging_pages 72855 ksm_process_profit 292175104
Interval 7: average_cpu_usage=3.79
[BEGIN] Logging ksm system parameters
full_scans=214
general_profit=689858304
max_page_sharing=256
merge_across_nodes=1
pages_shared=53291
pages_sharing=173264
pages_to_scan=1000
pages_unshared=82918
pages_volatile=387
run=1
sleep_millisecs=20
stable_node_chains=5
stable_node_chains_prune_millisecs=2000
stable_node_dups=274
use_zero_pages=0
[END] Logging ksm system parameters
/proc/9580/ksm_stat=ksm_rmap_items 110796 ksm_merging_pages 77008 ksm_process_profit 308333824
/proc/9640/ksm_stat=ksm_rmap_items 101580 ksm_merging_pages 76679 ksm_process_profit 307576064
/proc/9694/ksm_stat=ksm_rmap_items 97484 ksm_merging_pages 72868 ksm_process_profit 292228352
Interval 8: average_cpu_usage=5.09
[BEGIN] Logging ksm system parameters
full_scans=222
general_profit=689780480
max_page_sharing=256
merge_across_nodes=1
pages_shared=53281
pages_sharing=173245
pages_to_scan=1000
pages_unshared=82840
pages_volatile=494
run=1
sleep_millisecs=20
stable_node_chains=5
stable_node_chains_prune_millisecs=2000
stable_node_dups=274
use_zero_pages=0
[END] Logging ksm system parameters
/proc/9580/ksm_stat=ksm_rmap_items 110796 ksm_merging_pages 77010 ksm_process_profit 308342016
/proc/9640/ksm_stat=ksm_rmap_items 101580 ksm_merging_pages 76654 ksm_process_profit 307473664
/proc/9694/ksm_stat=ksm_rmap_items 97484 ksm_merging_pages 72862 ksm_process_profit 292203776
Interval 9: average_cpu_usage=4.86
[BEGIN] Logging ksm system parameters
full_scans=229
general_profit=689768192
max_page_sharing=256
merge_across_nodes=1
pages_shared=53269
pages_sharing=173242
pages_to_scan=1000
pages_unshared=82810
pages_volatile=539
run=1
sleep_millisecs=20
stable_node_chains=5
stable_node_chains_prune_millisecs=2000
stable_node_dups=274
use_zero_pages=0
[END] Logging ksm system parameters
/proc/9580/ksm_stat=ksm_rmap_items 110796 ksm_merging_pages 76997 ksm_process_profit 308288768
/proc/9640/ksm_stat=ksm_rmap_items 101580 ksm_merging_pages 76647 ksm_process_profit 307444992
/proc/9694/ksm_stat=ksm_rmap_items 97484 ksm_merging_pages 72869 ksm_process_profit 292232448
Interval 10: average_cpu_usage=4.4
[BEGIN] Logging ksm system parameters
full_scans=236
general_profit=689841920
max_page_sharing=256
merge_across_nodes=1
pages_shared=53290
pages_sharing=173260
pages_to_scan=1000
pages_unshared=82829
pages_volatile=479
run=1
sleep_millisecs=20
stable_node_chains=5
stable_node_chains_prune_millisecs=2000
stable_node_dups=274
use_zero_pages=0
[END] Logging ksm system parameters
/proc/9580/ksm_stat=ksm_rmap_items 110796 ksm_merging_pages 77007 ksm_process_profit 308329728
/proc/9640/ksm_stat=ksm_rmap_items 101580 ksm_merging_pages 76669 ksm_process_profit 307535104
/proc/9694/ksm_stat=ksm_rmap_items 97484 ksm_merging_pages 72874 ksm_process_profit 292252928
Interval 11: average_cpu_usage=3.59
[BEGIN] Logging ksm system parameters
full_scans=244
general_profit=689837824
max_page_sharing=256
merge_across_nodes=1
pages_shared=53279
pages_sharing=173259
pages_to_scan=1000
pages_unshared=82813
pages_volatile=509
run=1
sleep_millisecs=20
stable_node_chains=5
stable_node_chains_prune_millisecs=2000
stable_node_dups=274
use_zero_pages=0
[END] Logging ksm system parameters
/proc/9580/ksm_stat=ksm_rmap_items 110796 ksm_merging_pages 77016 ksm_process_profit 308366592
/proc/9640/ksm_stat=ksm_rmap_items 101580 ksm_merging_pages 76648 ksm_process_profit 307449088
/proc/9694/ksm_stat=ksm_rmap_items 97484 ksm_merging_pages 72874 ksm_process_profit 292252928
Interval 12: average_cpu_usage=4.19
[BEGIN] Logging ksm system parameters
full_scans=251
general_profit=689817344
max_page_sharing=256
merge_across_nodes=1
pages_shared=53285
pages_sharing=173265
pages_to_scan=1000
pages_unshared=82921
pages_volatile=390
run=1
sleep_millisecs=20
stable_node_chains=5
stable_node_chains_prune_millisecs=2000
stable_node_dups=274
use_zero_pages=0
[END] Logging ksm system parameters
/proc/9580/ksm_stat=ksm_rmap_items 110796 ksm_merging_pages 77000 ksm_process_profit 308301056
/proc/9640/ksm_stat=ksm_rmap_items 101580 ksm_merging_pages 76654 ksm_process_profit 307473664
/proc/9694/ksm_stat=ksm_rmap_items 97484 ksm_merging_pages 72896 ksm_process_profit 292343040
Interval 13: average_cpu_usage=3.91
[BEGIN] Logging ksm system parameters
full_scans=258
general_profit=689886976
max_page_sharing=256
merge_across_nodes=1
pages_shared=53289
pages_sharing=173268
pages_to_scan=1000
pages_unshared=82841
pages_volatile=462
run=1
sleep_millisecs=20
stable_node_chains=5
stable_node_chains_prune_millisecs=2000
stable_node_dups=274
use_zero_pages=0
[END] Logging ksm system parameters
/proc/9580/ksm_stat=ksm_rmap_items 110796 ksm_merging_pages 77004 ksm_process_profit 308317440
/proc/9640/ksm_stat=ksm_rmap_items 101580 ksm_merging_pages 76676 ksm_process_profit 307563776
/proc/9694/ksm_stat=ksm_rmap_items 97484 ksm_merging_pages 72877 ksm_process_profit 292265216
Interval 14: average_cpu_usage=11.82
[BEGIN] Logging ksm system parameters
full_scans=266
general_profit=689817344
max_page_sharing=256
merge_across_nodes=1
pages_shared=53276
pages_sharing=173254
pages_to_scan=1000
pages_unshared=82784
pages_volatile=546
run=1
sleep_millisecs=20
stable_node_chains=5
stable_node_chains_prune_millisecs=2000
stable_node_dups=274
use_zero_pages=0
[END] Logging ksm system parameters
/proc/9580/ksm_stat=ksm_rmap_items 110796 ksm_merging_pages 77008 ksm_process_profit 308333824
/proc/9640/ksm_stat=ksm_rmap_items 101580 ksm_merging_pages 76652 ksm_process_profit 307465472
/proc/9694/ksm_stat=ksm_rmap_items 97484 ksm_merging_pages 72870 ksm_process_profit 292236544
Interval 15: average_cpu_usage=9.6
[BEGIN] Logging ksm system parameters
full_scans=273
general_profit=689829632
max_page_sharing=256
merge_across_nodes=1
pages_shared=53283
pages_sharing=173257
pages_to_scan=1000
pages_unshared=82585
pages_volatile=735
run=1
sleep_millisecs=20
stable_node_chains=5
stable_node_chains_prune_millisecs=2000
stable_node_dups=274
use_zero_pages=0
[END] Logging ksm system parameters
/proc/9580/ksm_stat=ksm_rmap_items 110796 ksm_merging_pages 77001 ksm_process_profit 308305152
/proc/9640/ksm_stat=ksm_rmap_items 101580 ksm_merging_pages 76653 ksm_process_profit 307469568
/proc/9694/ksm_stat=ksm_rmap_items 97484 ksm_merging_pages 72886 ksm_process_profit 292302080
Interval 16: average_cpu_usage=4.12
[BEGIN] Logging ksm system parameters
full_scans=281
general_profit=689506048
max_page_sharing=256
merge_across_nodes=1
pages_shared=53368
pages_sharing=173178
pages_to_scan=1000
pages_unshared=82732
pages_volatile=582
run=1
sleep_millisecs=20
stable_node_chains=5
stable_node_chains_prune_millisecs=2000
stable_node_dups=274
use_zero_pages=0
[END] Logging ksm system parameters
/proc/9580/ksm_stat=ksm_rmap_items 110796 ksm_merging_pages 77077 ksm_process_profit 308616448
/proc/9640/ksm_stat=ksm_rmap_items 101580 ksm_merging_pages 76627 ksm_process_profit 307363072
/proc/9694/ksm_stat=ksm_rmap_items 97484 ksm_merging_pages 72842 ksm_process_profit 292121856
Interval 17: average_cpu_usage=3.64
[BEGIN] Logging ksm system parameters
full_scans=288
general_profit=689514240
max_page_sharing=256
merge_across_nodes=1
pages_shared=53366
pages_sharing=173180
pages_to_scan=1000
pages_unshared=82725
pages_volatile=589
run=1
sleep_millisecs=20
stable_node_chains=5
stable_node_chains_prune_millisecs=2000
stable_node_dups=274
use_zero_pages=0
[END] Logging ksm system parameters
/proc/9580/ksm_stat=ksm_rmap_items 110796 ksm_merging_pages 77071 ksm_process_profit 308591872
/proc/9640/ksm_stat=ksm_rmap_items 101580 ksm_merging_pages 76619 ksm_process_profit 307330304
/proc/9694/ksm_stat=ksm_rmap_items 97484 ksm_merging_pages 72856 ksm_process_profit 292179200
Interval 18: average_cpu_usage=6.84
[BEGIN] Logging ksm system parameters
full_scans=296
general_profit=689567488
max_page_sharing=256
merge_across_nodes=1
pages_shared=53367
pages_sharing=173193
pages_to_scan=1000
pages_unshared=82876
pages_volatile=423
run=1
sleep_millisecs=20
stable_node_chains=5
stable_node_chains_prune_millisecs=2000
stable_node_dups=274
use_zero_pages=0
[END] Logging ksm system parameters
/proc/9580/ksm_stat=ksm_rmap_items 110796 ksm_merging_pages 77077 ksm_process_profit 308616448
/proc/9640/ksm_stat=ksm_rmap_items 101580 ksm_merging_pages 76636 ksm_process_profit 307399936
/proc/9694/ksm_stat=ksm_rmap_items 97484 ksm_merging_pages 72847 ksm_process_profit 292142336
Interval 19: average_cpu_usage=4.46
[BEGIN] Logging ksm system parameters
full_scans=303
general_profit=689534720
max_page_sharing=256
merge_across_nodes=1
pages_shared=53370
pages_sharing=173185
pages_to_scan=1000
pages_unshared=82876
pages_volatile=429
run=1
sleep_millisecs=20
stable_node_chains=5
stable_node_chains_prune_millisecs=2000
stable_node_dups=274
use_zero_pages=0
[END] Logging ksm system parameters
/proc/9580/ksm_stat=ksm_rmap_items 110796 ksm_merging_pages 77071 ksm_process_profit 308591872
/proc/9640/ksm_stat=ksm_rmap_items 101580 ksm_merging_pages 76634 ksm_process_profit 307391744
/proc/9694/ksm_stat=ksm_rmap_items 97484 ksm_merging_pages 72850 ksm_process_profit 292154624
Interval 20: average_cpu_usage=4.64
[BEGIN] Logging ksm system parameters
full_scans=310
general_profit=689596160
max_page_sharing=256
merge_across_nodes=1
pages_shared=53378
pages_sharing=173200
pages_to_scan=1000
pages_unshared=82821
pages_volatile=460
run=1
sleep_millisecs=20
stable_node_chains=5
stable_node_chains_prune_millisecs=2000
stable_node_dups=274
use_zero_pages=0
[END] Logging ksm system parameters
/proc/9580/ksm_stat=ksm_rmap_items 110796 ksm_merging_pages 77069 ksm_process_profit 308583680
/proc/9640/ksm_stat=ksm_rmap_items 101580 ksm_merging_pages 76656 ksm_process_profit 307481856
/proc/9694/ksm_stat=ksm_rmap_items 97484 ksm_merging_pages 72853 ksm_process_profit 292166912
Interval 21: average_cpu_usage=5.33
[BEGIN] Logging ksm system parameters
full_scans=318
general_profit=689604352
max_page_sharing=256
merge_across_nodes=1
pages_shared=53367
pages_sharing=173202
pages_to_scan=1000
pages_unshared=82742
pages_volatile=549
run=1
sleep_millisecs=20
stable_node_chains=5
stable_node_chains_prune_millisecs=2000
stable_node_dups=274
use_zero_pages=0
[END] Logging ksm system parameters
/proc/9580/ksm_stat=ksm_rmap_items 110796 ksm_merging_pages 77083 ksm_process_profit 308641024
/proc/9640/ksm_stat=ksm_rmap_items 101580 ksm_merging_pages 76643 ksm_process_profit 307428608
/proc/9694/ksm_stat=ksm_rmap_items 97484 ksm_merging_pages 72843 ksm_process_profit 292125952
Interval 22: average_cpu_usage=5
[BEGIN] Logging ksm system parameters
full_scans=325
general_profit=689592064
max_page_sharing=256
merge_across_nodes=1
pages_shared=53364
pages_sharing=173199
pages_to_scan=1000
pages_unshared=82749
pages_volatile=548
run=1
sleep_millisecs=20
stable_node_chains=5
stable_node_chains_prune_millisecs=2000
stable_node_dups=274
use_zero_pages=0
[END] Logging ksm system parameters
/proc/9580/ksm_stat=ksm_rmap_items 110796 ksm_merging_pages 77085 ksm_process_profit 308649216
/proc/9640/ksm_stat=ksm_rmap_items 101580 ksm_merging_pages 76634 ksm_process_profit 307391744
/proc/9694/ksm_stat=ksm_rmap_items 97484 ksm_merging_pages 72844 ksm_process_profit 292130048
Interval 23: average_cpu_usage=4.06
[BEGIN] Logging ksm system parameters
full_scans=333
general_profit=689600256
max_page_sharing=256
merge_across_nodes=1
pages_shared=53372
pages_sharing=173201
pages_to_scan=1000
pages_unshared=82784
pages_volatile=503
run=1
sleep_millisecs=20
stable_node_chains=5
stable_node_chains_prune_millisecs=2000
stable_node_dups=274
use_zero_pages=0
[END] Logging ksm system parameters
/proc/9580/ksm_stat=ksm_rmap_items 110796 ksm_merging_pages 77078 ksm_process_profit 308620544
/proc/9640/ksm_stat=ksm_rmap_items 101580 ksm_merging_pages 76647 ksm_process_profit 307444992
/proc/9694/ksm_stat=ksm_rmap_items 97484 ksm_merging_pages 72848 ksm_process_profit 292146432
Interval 24: average_cpu_usage=3.64
[BEGIN] Logging ksm system parameters
full_scans=340
general_profit=689612544
max_page_sharing=256
merge_across_nodes=1
pages_shared=53371
pages_sharing=173204
pages_to_scan=1000
pages_unshared=82417
pages_volatile=867
run=1
sleep_millisecs=20
stable_node_chains=5
stable_node_chains_prune_millisecs=2000
stable_node_dups=274
use_zero_pages=0
[END] Logging ksm system parameters
/proc/9580/ksm_stat=ksm_rmap_items 110796 ksm_merging_pages 77082 ksm_process_profit 308636928
/proc/9640/ksm_stat=ksm_rmap_items 101580 ksm_merging_pages 76640 ksm_process_profit 307416320
/proc/9694/ksm_stat=ksm_rmap_items 97484 ksm_merging_pages 72853 ksm_process_profit 292166912
Interval 25: average_cpu_usage=2.78
[BEGIN] Logging ksm system parameters
full_scans=347
general_profit=689661696
max_page_sharing=256
merge_across_nodes=1
pages_shared=53385
pages_sharing=173215
pages_to_scan=1000
pages_unshared=82835
pages_volatile=426
run=1
sleep_millisecs=20
stable_node_chains=5
stable_node_chains_prune_millisecs=2000
stable_node_dups=274
use_zero_pages=0
[END] Logging ksm system parameters
/proc/9580/ksm_stat=ksm_rmap_items 110796 ksm_merging_pages 77080 ksm_process_profit 308628736
/proc/9640/ksm_stat=ksm_rmap_items 101580 ksm_merging_pages 76660 ksm_process_profit 307498240
/proc/9694/ksm_stat=ksm_rmap_items 97484 ksm_merging_pages 72853 ksm_process_profit 292166912
Interval 26: average_cpu_usage=2.54
[BEGIN] Logging ksm system parameters
full_scans=355
general_profit=689624832
max_page_sharing=256
merge_across_nodes=1
pages_shared=53373
pages_sharing=173207
pages_to_scan=1000
pages_unshared=82708
pages_volatile=574
run=1
sleep_millisecs=20
stable_node_chains=5
stable_node_chains_prune_millisecs=2000
stable_node_dups=274
use_zero_pages=0
[END] Logging ksm system parameters
/proc/9580/ksm_stat=ksm_rmap_items 110796 ksm_merging_pages 77085 ksm_process_profit 308649216
/proc/9640/ksm_stat=ksm_rmap_items 101580 ksm_merging_pages 76645 ksm_process_profit 307436800
/proc/9694/ksm_stat=ksm_rmap_items 97484 ksm_merging_pages 72850 ksm_process_profit 292154624
Interval 27: average_cpu_usage=2.83
[BEGIN] Logging ksm system parameters
full_scans=362
general_profit=689596160
max_page_sharing=256
merge_across_nodes=1
pages_shared=53370
pages_sharing=173200
pages_to_scan=1000
pages_unshared=82787
pages_volatile=504
run=1
sleep_millisecs=20
stable_node_chains=5
stable_node_chains_prune_millisecs=2000
stable_node_dups=274
use_zero_pages=0
[END] Logging ksm system parameters
/proc/9580/ksm_stat=ksm_rmap_items 110796 ksm_merging_pages 77079 ksm_process_profit 308624640
/proc/9640/ksm_stat=ksm_rmap_items 101580 ksm_merging_pages 76644 ksm_process_profit 307432704
/proc/9694/ksm_stat=ksm_rmap_items 97484 ksm_merging_pages 72847 ksm_process_profit 292142336
Interval 28: average_cpu_usage=2.49
[BEGIN] Logging ksm system parameters
full_scans=369
general_profit=689555200
max_page_sharing=256
merge_across_nodes=1
pages_shared=53400
pages_sharing=173190
pages_to_scan=1000
pages_unshared=82825
pages_volatile=443
run=1
sleep_millisecs=20
stable_node_chains=5
stable_node_chains_prune_millisecs=2000
stable_node_dups=274
use_zero_pages=0
[END] Logging ksm system parameters
/proc/9580/ksm_stat=ksm_rmap_items 110796 ksm_merging_pages 77071 ksm_process_profit 308591872
/proc/9640/ksm_stat=ksm_rmap_items 101580 ksm_merging_pages 76667 ksm_process_profit 307526912
/proc/9694/ksm_stat=ksm_rmap_items 97484 ksm_merging_pages 72854 ksm_process_profit 292171008
Interval 29: average_cpu_usage=2.62
[BEGIN] Logging ksm system parameters
full_scans=377
general_profit=689542912
max_page_sharing=256
merge_across_nodes=1
pages_shared=53380
pages_sharing=173187
pages_to_scan=1000
pages_unshared=82711
pages_volatile=582
run=1
sleep_millisecs=20
stable_node_chains=5
stable_node_chains_prune_millisecs=2000
stable_node_dups=274
use_zero_pages=0
[END] Logging ksm system parameters
/proc/9580/ksm_stat=ksm_rmap_items 110796 ksm_merging_pages 77071 ksm_process_profit 308591872
/proc/9640/ksm_stat=ksm_rmap_items 101580 ksm_merging_pages 76644 ksm_process_profit 307432704
/proc/9694/ksm_stat=ksm_rmap_items 97484 ksm_merging_pages 72848 ksm_process_profit 292146432
Interval 30: average_cpu_usage=3.93
[BEGIN] Logging ksm system parameters
full_scans=384
general_profit=689567488
max_page_sharing=256
merge_across_nodes=1
pages_shared=53375
pages_sharing=173193
pages_to_scan=1000
pages_unshared=82730
pages_volatile=562
run=1
sleep_millisecs=20
stable_node_chains=5
stable_node_chains_prune_millisecs=2000
stable_node_dups=274
use_zero_pages=0
[END] Logging ksm system parameters
/proc/9580/ksm_stat=ksm_rmap_items 110796 ksm_merging_pages 77069 ksm_process_profit 308583680
/proc/9640/ksm_stat=ksm_rmap_items 101580 ksm_merging_pages 76649 ksm_process_profit 307453184
/proc/9694/ksm_stat=ksm_rmap_items 97484 ksm_merging_pages 72850 ksm_process_profit 292154624
