num_intervals=10
interval_duration=100
Interval 1: pages_shared=13
Interval 1: pages_sharing=1928
Interval 1: general_profit=4594688
Interval 2: pages_shared=52
Interval 2: pages_sharing=3370
Interval 2: general_profit=8023296
Interval 3: pages_shared=802
Interval 3: pages_sharing=12853
Interval 3: general_profit=46865664
Interval 4: pages_shared=2129
Interval 4: pages_sharing=20381
Interval 4: general_profit=77700352
Interval 5: pages_shared=2146
Interval 5: pages_sharing=20399
Interval 5: general_profit=77774080
Interval 6: pages_shared=2156
Interval 6: pages_sharing=20400
Interval 6: general_profit=77778176
Interval 7: pages_shared=2152
Interval 7: pages_sharing=20394
Interval 7: general_profit=77753600
Interval 8: pages_shared=2153
Interval 8: pages_sharing=20410
Interval 8: general_profit=77819136
Interval 9: pages_shared=2152
Interval 9: pages_sharing=20403
Interval 9: general_profit=77790464
Interval 10: pages_shared=2148
Interval 10: pages_sharing=20398
Interval 10: general_profit=77769984
