num_intervals=10
interval_duration=100
Interval 1: pages_shared=0
Interval 1: pages_sharing=0
Interval 1: general_profit=-3455232
Interval 2: pages_shared=29
Interval 2: pages_sharing=1867
Interval 2: general_profit=1212928
Interval 3: pages_shared=29
Interval 3: pages_sharing=1914
Interval 3: general_profit=-1711360
Interval 4: pages_shared=51
Interval 4: pages_sharing=4353
Interval 4: general_profit=5712384
Interval 5: pages_shared=1298
Interval 5: pages_sharing=10678
Interval 5: general_profit=31619584
Interval 6: pages_shared=5111
Interval 6: pages_sharing=31393
Interval 6: general_profit=116468224
Interval 7: pages_shared=34857
Interval 7: pages_sharing=68919
Interval 7: general_profit=270174720
Interval 8: pages_shared=45238
Interval 8: pages_sharing=95125
Interval 8: general_profit=377514496
Interval 9: pages_shared=45236
Interval 9: pages_sharing=95093
Interval 9: general_profit=377383424
Interval 10: pages_shared=45230
Interval 10: pages_sharing=95066
Interval 10: general_profit=377272832
