num_intervals=30
interval_duration=60
vm_pid_array=403953
[BEGIN] Logging ksm system parameters
full_scans=847
general_profit=75246848
max_page_sharing=256
merge_across_nodes=1
pages_shared=4256
pages_sharing=19790
pages_to_scan=10000
pages_unshared=59530
pages_volatile=7252
run=1
sleep_millisecs=20
stable_node_chains=3
stable_node_chains_prune_millisecs=2000
stable_node_dups=71
use_zero_pages=0
[END] Logging ksm system parameters
Interval 1: average_cpu_usage=4.47
Interval 1: pages_shared=4876
Interval 1: pages_sharing=20649
Interval 1: general_profit=78765312
Interval 1: /proc/403953/ksm_stat=ksm_rmap_items 90828 ksm_merging_pages 25525 ksm_process_profit 98737408
Interval 2: average_cpu_usage=3.11
Interval 2: pages_shared=4573
Interval 2: pages_sharing=20621
Interval 2: general_profit=78650624
Interval 2: /proc/403953/ksm_stat=ksm_rmap_items 90828 ksm_merging_pages 25194 ksm_process_profit 97381632
Interval 3: average_cpu_usage=3.1
Interval 3: pages_shared=4572
Interval 3: pages_sharing=20623
Interval 3: general_profit=78658816
Interval 3: /proc/403953/ksm_stat=ksm_rmap_items 90828 ksm_merging_pages 25195 ksm_process_profit 97385728
Interval 4: average_cpu_usage=3.17
Interval 4: pages_shared=4579
Interval 4: pages_sharing=20616
Interval 4: general_profit=78630144
Interval 4: /proc/403953/ksm_stat=ksm_rmap_items 90828 ksm_merging_pages 25195 ksm_process_profit 97385728
Interval 5: average_cpu_usage=3.16
Interval 5: pages_shared=4549
Interval 5: pages_sharing=20603
Interval 5: general_profit=78576896
Interval 5: /proc/403953/ksm_stat=ksm_rmap_items 90828 ksm_merging_pages 25152 ksm_process_profit 97209600
Interval 6: average_cpu_usage=4.62
Interval 6: pages_shared=4552
Interval 6: pages_sharing=20524
Interval 6: general_profit=78253312
Interval 6: /proc/403953/ksm_stat=ksm_rmap_items 90828 ksm_merging_pages 25076 ksm_process_profit 96898304
Interval 7: average_cpu_usage=6.24
Interval 7: pages_shared=4556
Interval 7: pages_sharing=20526
Interval 7: general_profit=78249216
Interval 7: /proc/403953/ksm_stat=ksm_rmap_items 90828 ksm_merging_pages 25076 ksm_process_profit 96898304
Interval 8: average_cpu_usage=6.01
Interval 8: pages_shared=4553
Interval 8: pages_sharing=20523
Interval 8: general_profit=78249216
Interval 8: /proc/403953/ksm_stat=ksm_rmap_items 90828 ksm_merging_pages 25076 ksm_process_profit 96898304
Interval 9: average_cpu_usage=6.64
Interval 9: pages_shared=4563
Interval 9: pages_sharing=20525
Interval 9: general_profit=78257408
Interval 9: /proc/403953/ksm_stat=ksm_rmap_items 90828 ksm_merging_pages 25088 ksm_process_profit 96947456
Interval 10: average_cpu_usage=5.04
Interval 10: pages_shared=4556
Interval 10: pages_sharing=20523
Interval 10: general_profit=78249216
Interval 10: /proc/403953/ksm_stat=ksm_rmap_items 90828 ksm_merging_pages 25079 ksm_process_profit 96910592
Interval 11: average_cpu_usage=4.72
Interval 11: pages_shared=4550
Interval 11: pages_sharing=20466
Interval 11: general_profit=78015744
Interval 11: /proc/403953/ksm_stat=ksm_rmap_items 90828 ksm_merging_pages 25016 ksm_process_profit 96652544
Interval 12: average_cpu_usage=5.07
Interval 12: pages_shared=4555
Interval 12: pages_sharing=20471
Interval 12: general_profit=78036224
Interval 12: /proc/403953/ksm_stat=ksm_rmap_items 90828 ksm_merging_pages 25026 ksm_process_profit 96693504
Interval 13: average_cpu_usage=4.64
Interval 13: pages_shared=4553
Interval 13: pages_sharing=20467
Interval 13: general_profit=78019840
Interval 13: /proc/403953/ksm_stat=ksm_rmap_items 90828 ksm_merging_pages 25020 ksm_process_profit 96668928
Interval 14: average_cpu_usage=4.44
Interval 14: pages_shared=4549
Interval 14: pages_sharing=20466
Interval 14: general_profit=78015744
Interval 14: /proc/403953/ksm_stat=ksm_rmap_items 90828 ksm_merging_pages 25015 ksm_process_profit 96648448
Interval 15: average_cpu_usage=4.85
Interval 15: pages_shared=4560
Interval 15: pages_sharing=20476
Interval 15: general_profit=78056704
Interval 15: /proc/403953/ksm_stat=ksm_rmap_items 90828 ksm_merging_pages 25036 ksm_process_profit 96734464
Interval 16: average_cpu_usage=3.33
Interval 16: pages_shared=4548
Interval 16: pages_sharing=20464
Interval 16: general_profit=78007552
Interval 16: /proc/403953/ksm_stat=ksm_rmap_items 90828 ksm_merging_pages 25012 ksm_process_profit 96636160
Interval 17: average_cpu_usage=3.3
Interval 17: pages_shared=4547
Interval 17: pages_sharing=20471
Interval 17: general_profit=78089472
Interval 17: /proc/403953/ksm_stat=ksm_rmap_items 90828 ksm_merging_pages 25044 ksm_process_profit 96767232
Interval 18: average_cpu_usage=4.21
Interval 18: pages_shared=4546
Interval 18: pages_sharing=20464
Interval 18: general_profit=78007552
Interval 18: /proc/403953/ksm_stat=ksm_rmap_items 90828 ksm_merging_pages 25010 ksm_process_profit 96627968
Interval 19: average_cpu_usage=4.01
Interval 19: pages_shared=4554
Interval 19: pages_sharing=20473
Interval 19: general_profit=78044416
Interval 19: /proc/403953/ksm_stat=ksm_rmap_items 90828 ksm_merging_pages 25027 ksm_process_profit 96697600
Interval 20: average_cpu_usage=5.31
Interval 20: pages_shared=4552
Interval 20: pages_sharing=20466
Interval 20: general_profit=78015744
Interval 20: /proc/403953/ksm_stat=ksm_rmap_items 90828 ksm_merging_pages 25018 ksm_process_profit 96660736
Interval 21: average_cpu_usage=5.42
Interval 21: pages_shared=4550
Interval 21: pages_sharing=20463
Interval 21: general_profit=78003456
Interval 21: /proc/403953/ksm_stat=ksm_rmap_items 90828 ksm_merging_pages 25013 ksm_process_profit 96640256
Interval 22: average_cpu_usage=5.18
Interval 22: pages_shared=4561
Interval 22: pages_sharing=20476
Interval 22: general_profit=78056704
Interval 22: /proc/403953/ksm_stat=ksm_rmap_items 90828 ksm_merging_pages 25037 ksm_process_profit 96738560
Interval 23: average_cpu_usage=4.25
Interval 23: pages_shared=4555
Interval 23: pages_sharing=20469
Interval 23: general_profit=78028032
Interval 23: /proc/403953/ksm_stat=ksm_rmap_items 90828 ksm_merging_pages 25024 ksm_process_profit 96685312
Interval 24: average_cpu_usage=4.09
Interval 24: pages_shared=4559
Interval 24: pages_sharing=20474
Interval 24: general_profit=78048512
Interval 24: /proc/403953/ksm_stat=ksm_rmap_items 90828 ksm_merging_pages 25033 ksm_process_profit 96722176
Interval 25: average_cpu_usage=5.4
Interval 25: pages_shared=4557
Interval 25: pages_sharing=20477
Interval 25: general_profit=78060800
Interval 25: /proc/403953/ksm_stat=ksm_rmap_items 90828 ksm_merging_pages 25034 ksm_process_profit 96726272
Interval 26: average_cpu_usage=5.15
Interval 26: pages_shared=4553
Interval 26: pages_sharing=20469
Interval 26: general_profit=78028032
Interval 26: /proc/403953/ksm_stat=ksm_rmap_items 90828 ksm_merging_pages 25022 ksm_process_profit 96677120
Interval 27: average_cpu_usage=4.51
Interval 27: pages_shared=4559
Interval 27: pages_sharing=20476
Interval 27: general_profit=78056704
Interval 27: /proc/403953/ksm_stat=ksm_rmap_items 90828 ksm_merging_pages 25035 ksm_process_profit 96730368
Interval 28: average_cpu_usage=4.4
Interval 28: pages_shared=4563
Interval 28: pages_sharing=20481
Interval 28: general_profit=78077184
Interval 28: /proc/403953/ksm_stat=ksm_rmap_items 90828 ksm_merging_pages 25044 ksm_process_profit 96767232
Interval 29: average_cpu_usage=3.82
Interval 29: pages_shared=4559
Interval 29: pages_sharing=20475
Interval 29: general_profit=78052608
Interval 29: /proc/403953/ksm_stat=ksm_rmap_items 90828 ksm_merging_pages 25034 ksm_process_profit 96726272
Interval 30: average_cpu_usage=3.43
Interval 30: pages_shared=4551
Interval 30: pages_sharing=20470
Interval 30: general_profit=78032128
Interval 30: /proc/403953/ksm_stat=ksm_rmap_items 90828 ksm_merging_pages 25021 ksm_process_profit 96673024
