num_intervals=30
interval_duration=60
vm_pid_array=429558 429628
[BEGIN] Logging ksm system parameters
full_scans=4949
general_profit=349293056
max_page_sharing=256
merge_across_nodes=1
pages_shared=47171
pages_sharing=88171
pages_to_scan=10000
pages_unshared=36911
pages_volatile=12987
run=1
sleep_millisecs=20
stable_node_chains=4
stable_node_chains_prune_millisecs=2000
stable_node_dups=155
use_zero_pages=0
[END] Logging ksm system parameters
Interval 1: average_cpu_usage=2.88
Interval 1: pages_shared=49629
Interval 1: pages_sharing=90851
Interval 1: general_profit=360270336
Interval 1: /proc/429558/ksm_stat=ksm_rmap_items 94924 ksm_merging_pages 72694 ksm_process_profit 291679488
Interval 1: /proc/429628/ksm_stat=ksm_rmap_items 90316 ksm_merging_pages 67785 ksm_process_profit 271867136
Interval 2: average_cpu_usage=2.84
Interval 2: pages_shared=49505
Interval 2: pages_sharing=90834
Interval 2: general_profit=360200704
Interval 2: /proc/429558/ksm_stat=ksm_rmap_items 94924 ksm_merging_pages 72561 ksm_process_profit 291134720
Interval 2: /proc/429628/ksm_stat=ksm_rmap_items 90316 ksm_merging_pages 67778 ksm_process_profit 271838464
Interval 3: average_cpu_usage=2.92
Interval 3: pages_shared=49504
Interval 3: pages_sharing=90842
Interval 3: general_profit=360233472
Interval 3: /proc/429558/ksm_stat=ksm_rmap_items 94924 ksm_merging_pages 72558 ksm_process_profit 291122432
Interval 3: /proc/429628/ksm_stat=ksm_rmap_items 90316 ksm_merging_pages 67788 ksm_process_profit 271879424
Interval 4: average_cpu_usage=3.22
Interval 4: pages_shared=49507
Interval 4: pages_sharing=90842
Interval 4: general_profit=360221184
Interval 4: /proc/429558/ksm_stat=ksm_rmap_items 94924 ksm_merging_pages 72544 ksm_process_profit 291065088
Interval 4: /proc/429628/ksm_stat=ksm_rmap_items 90316 ksm_merging_pages 67799 ksm_process_profit 271924480
Interval 5: average_cpu_usage=3.06
Interval 5: pages_shared=49509
Interval 5: pages_sharing=90842
Interval 5: general_profit=360233472
Interval 5: /proc/429558/ksm_stat=ksm_rmap_items 94924 ksm_merging_pages 72562 ksm_process_profit 291138816
Interval 5: /proc/429628/ksm_stat=ksm_rmap_items 90316 ksm_merging_pages 67789 ksm_process_profit 271883520
Interval 6: average_cpu_usage=3.03
Interval 6: pages_shared=49504
Interval 6: pages_sharing=90810
Interval 6: general_profit=360102400
Interval 6: /proc/429558/ksm_stat=ksm_rmap_items 94924 ksm_merging_pages 72532 ksm_process_profit 291015936
Interval 6: /proc/429628/ksm_stat=ksm_rmap_items 90316 ksm_merging_pages 67777 ksm_process_profit 271834368
Interval 7: average_cpu_usage=5.35
Interval 7: pages_shared=49496
Interval 7: pages_sharing=90812
Interval 7: general_profit=360110592
Interval 7: /proc/429558/ksm_stat=ksm_rmap_items 94924 ksm_merging_pages 72536 ksm_process_profit 291032320
Interval 7: /proc/429628/ksm_stat=ksm_rmap_items 90316 ksm_merging_pages 67772 ksm_process_profit 271813888
Interval 8: average_cpu_usage=4.45
Interval 8: pages_shared=49499
Interval 8: pages_sharing=90795
Interval 8: general_profit=360040960
Interval 8: /proc/429558/ksm_stat=ksm_rmap_items 94924 ksm_merging_pages 72526 ksm_process_profit 290991360
Interval 8: /proc/429628/ksm_stat=ksm_rmap_items 90316 ksm_merging_pages 67771 ksm_process_profit 271809792
Interval 9: average_cpu_usage=4.4
Interval 9: pages_shared=49500
Interval 9: pages_sharing=90802
Interval 9: general_profit=360069632
Interval 9: /proc/429558/ksm_stat=ksm_rmap_items 94924 ksm_merging_pages 72529 ksm_process_profit 291003648
Interval 9: /proc/429628/ksm_stat=ksm_rmap_items 90316 ksm_merging_pages 67773 ksm_process_profit 271817984
Interval 10: average_cpu_usage=4.91
Interval 10: pages_shared=49504
Interval 10: pages_sharing=90797
Interval 10: general_profit=360049152
Interval 10: /proc/429558/ksm_stat=ksm_rmap_items 94924 ksm_merging_pages 72529 ksm_process_profit 291003648
Interval 10: /proc/429628/ksm_stat=ksm_rmap_items 90316 ksm_merging_pages 67772 ksm_process_profit 271813888
Interval 11: average_cpu_usage=4.27
Interval 11: pages_shared=49511
Interval 11: pages_sharing=90802
Interval 11: general_profit=360069632
Interval 11: /proc/429558/ksm_stat=ksm_rmap_items 94924 ksm_merging_pages 72529 ksm_process_profit 291003648
Interval 11: /proc/429628/ksm_stat=ksm_rmap_items 90316 ksm_merging_pages 67784 ksm_process_profit 271863040
Interval 12: average_cpu_usage=5.63
Interval 12: pages_shared=49512
Interval 12: pages_sharing=90797
Interval 12: general_profit=360049152
Interval 12: /proc/429558/ksm_stat=ksm_rmap_items 94924 ksm_merging_pages 72546 ksm_process_profit 291073280
Interval 12: /proc/429628/ksm_stat=ksm_rmap_items 90316 ksm_merging_pages 67763 ksm_process_profit 271777024
Interval 13: average_cpu_usage=4.29
Interval 13: pages_shared=49640
Interval 13: pages_sharing=90755
Interval 13: general_profit=359877120
Interval 13: /proc/429558/ksm_stat=ksm_rmap_items 94924 ksm_merging_pages 72577 ksm_process_profit 291200256
Interval 13: /proc/429628/ksm_stat=ksm_rmap_items 90316 ksm_merging_pages 67818 ksm_process_profit 272002304
Interval 14: average_cpu_usage=5.33
Interval 14: pages_shared=49643
Interval 14: pages_sharing=90761
Interval 14: general_profit=359901696
Interval 14: /proc/429558/ksm_stat=ksm_rmap_items 94924 ksm_merging_pages 72606 ksm_process_profit 291319040
Interval 14: /proc/429628/ksm_stat=ksm_rmap_items 90316 ksm_merging_pages 67798 ksm_process_profit 271920384
Interval 15: average_cpu_usage=4.9
Interval 15: pages_shared=49640
Interval 15: pages_sharing=90756
Interval 15: general_profit=359889408
Interval 15: /proc/429558/ksm_stat=ksm_rmap_items 94924 ksm_merging_pages 72582 ksm_process_profit 291220736
Interval 15: /proc/429628/ksm_stat=ksm_rmap_items 90316 ksm_merging_pages 67818 ksm_process_profit 272002304
Interval 16: average_cpu_usage=4.11
Interval 16: pages_shared=49598
Interval 16: pages_sharing=90390
Interval 16: general_profit=357595648
Interval 16: /proc/429558/ksm_stat=ksm_rmap_items 94924 ksm_merging_pages 72608 ksm_process_profit 291327232
Interval 16: /proc/429628/ksm_stat=ksm_rmap_items 102604 ksm_merging_pages 67380 ksm_process_profit 269421824
Interval 17: average_cpu_usage=4.92
Interval 17: pages_shared=49585
Interval 17: pages_sharing=90386
Interval 17: general_profit=357579264
Interval 17: /proc/429558/ksm_stat=ksm_rmap_items 94924 ksm_merging_pages 72577 ksm_process_profit 291200256
Interval 17: /proc/429628/ksm_stat=ksm_rmap_items 102604 ksm_merging_pages 67394 ksm_process_profit 269479168
Interval 18: average_cpu_usage=4.09
Interval 18: pages_shared=49580
Interval 18: pages_sharing=90381
Interval 18: general_profit=357558784
Interval 18: /proc/429558/ksm_stat=ksm_rmap_items 94924 ksm_merging_pages 72588 ksm_process_profit 291245312
Interval 18: /proc/429628/ksm_stat=ksm_rmap_items 102604 ksm_merging_pages 67373 ksm_process_profit 269393152
Interval 19: average_cpu_usage=3.92
Interval 19: pages_shared=49589
Interval 19: pages_sharing=90389
Interval 19: general_profit=357591552
Interval 19: /proc/429558/ksm_stat=ksm_rmap_items 94924 ksm_merging_pages 72596 ksm_process_profit 291278080
Interval 19: /proc/429628/ksm_stat=ksm_rmap_items 102604 ksm_merging_pages 67382 ksm_process_profit 269430016
Interval 20: average_cpu_usage=4.02
Interval 20: pages_shared=49588
Interval 20: pages_sharing=90383
Interval 20: general_profit=357566976
Interval 20: /proc/429558/ksm_stat=ksm_rmap_items 94924 ksm_merging_pages 72595 ksm_process_profit 291273984
Interval 20: /proc/429628/ksm_stat=ksm_rmap_items 102604 ksm_merging_pages 67376 ksm_process_profit 269405440
Interval 21: average_cpu_usage=4.66
Interval 21: pages_shared=49589
Interval 21: pages_sharing=90385
Interval 21: general_profit=357575168
Interval 21: /proc/429558/ksm_stat=ksm_rmap_items 94924 ksm_merging_pages 72595 ksm_process_profit 291273984
Interval 21: /proc/429628/ksm_stat=ksm_rmap_items 102604 ksm_merging_pages 67379 ksm_process_profit 269417728
Interval 22: average_cpu_usage=5.3
Interval 22: pages_shared=49597
Interval 22: pages_sharing=90395
Interval 22: general_profit=357616128
Interval 22: /proc/429558/ksm_stat=ksm_rmap_items 94924 ksm_merging_pages 72582 ksm_process_profit 291220736
Interval 22: /proc/429628/ksm_stat=ksm_rmap_items 102604 ksm_merging_pages 67410 ksm_process_profit 269544704
Interval 23: average_cpu_usage=4.66
Interval 23: pages_shared=49589
Interval 23: pages_sharing=90378
Interval 23: general_profit=357546496
Interval 23: /proc/429558/ksm_stat=ksm_rmap_items 94924 ksm_merging_pages 72578 ksm_process_profit 291204352
Interval 23: /proc/429628/ksm_stat=ksm_rmap_items 102604 ksm_merging_pages 67389 ksm_process_profit 269458688
Interval 24: average_cpu_usage=3.02
Interval 24: pages_shared=49593
Interval 24: pages_sharing=90398
Interval 24: general_profit=357628416
Interval 24: /proc/429558/ksm_stat=ksm_rmap_items 94924 ksm_merging_pages 72587 ksm_process_profit 291241216
Interval 24: /proc/429628/ksm_stat=ksm_rmap_items 102604 ksm_merging_pages 67404 ksm_process_profit 269520128
Interval 25: average_cpu_usage=3.21
Interval 25: pages_shared=49585
Interval 25: pages_sharing=90394
Interval 25: general_profit=357612032
Interval 25: /proc/429558/ksm_stat=ksm_rmap_items 94924 ksm_merging_pages 72581 ksm_process_profit 291216640
Interval 25: /proc/429628/ksm_stat=ksm_rmap_items 102604 ksm_merging_pages 67398 ksm_process_profit 269495552
Interval 26: average_cpu_usage=3.43
Interval 26: pages_shared=49597
Interval 26: pages_sharing=90407
Interval 26: general_profit=357665280
Interval 26: /proc/429558/ksm_stat=ksm_rmap_items 94924 ksm_merging_pages 72593 ksm_process_profit 291265792
Interval 26: /proc/429628/ksm_stat=ksm_rmap_items 102604 ksm_merging_pages 67410 ksm_process_profit 269544704
Interval 27: average_cpu_usage=7.31
Interval 27: pages_shared=49594
Interval 27: pages_sharing=90406
Interval 27: general_profit=357661184
Interval 27: /proc/429558/ksm_stat=ksm_rmap_items 94924 ksm_merging_pages 72604 ksm_process_profit 291310848
Interval 27: /proc/429628/ksm_stat=ksm_rmap_items 102604 ksm_merging_pages 67396 ksm_process_profit 269487360
Interval 28: average_cpu_usage=6.28
Interval 28: pages_shared=49600
Interval 28: pages_sharing=90407
Interval 28: general_profit=357665280
Interval 28: /proc/429558/ksm_stat=ksm_rmap_items 94924 ksm_merging_pages 72611 ksm_process_profit 291339520
Interval 28: /proc/429628/ksm_stat=ksm_rmap_items 102604 ksm_merging_pages 67396 ksm_process_profit 269487360
Interval 29: average_cpu_usage=5.91
Interval 29: pages_shared=49589
Interval 29: pages_sharing=90393
Interval 29: general_profit=357607936
Interval 29: /proc/429558/ksm_stat=ksm_rmap_items 94924 ksm_merging_pages 72583 ksm_process_profit 291224832
Interval 29: /proc/429628/ksm_stat=ksm_rmap_items 102604 ksm_merging_pages 67399 ksm_process_profit 269499648
Interval 30: average_cpu_usage=5.72
Interval 30: pages_shared=49579
Interval 30: pages_sharing=90378
Interval 30: general_profit=357546496
Interval 30: /proc/429558/ksm_stat=ksm_rmap_items 94924 ksm_merging_pages 72570 ksm_process_profit 291171584
Interval 30: /proc/429628/ksm_stat=ksm_rmap_items 102604 ksm_merging_pages 67387 ksm_process_profit 269450496
