num_intervals=30
interval_duration=60
vm_pid_array=455552 455621 455697
[BEGIN] Logging ksm system parameters
full_scans=7511
general_profit=577921408
max_page_sharing=256
merge_across_nodes=1
pages_shared=49079
pages_sharing=145861
pages_to_scan=10000
pages_unshared=51984
pages_volatile=22677
run=1
sleep_millisecs=20
stable_node_chains=5
stable_node_chains_prune_millisecs=2000
stable_node_dups=231
use_zero_pages=0
[END] Logging ksm system parameters
Interval 1: average_cpu_usage=3.09
Interval 1: pages_shared=51682
Interval 1: pages_sharing=157810
Interval 1: general_profit=628834688
Interval 1: /proc/455552/ksm_stat=ksm_rmap_items 89804 ksm_merging_pages 68446 ksm_process_profit 274607360
Interval 1: /proc/455621/ksm_stat=ksm_rmap_items 94412 ksm_merging_pages 72785 ksm_process_profit 292084992
Interval 1: /proc/455697/ksm_stat=ksm_rmap_items 90082 ksm_merging_pages 68259 ksm_process_profit 273823616
Interval 2: average_cpu_usage=3.1
Interval 2: pages_shared=51696
Interval 2: pages_sharing=157813
Interval 2: general_profit=628846976
Interval 2: /proc/455552/ksm_stat=ksm_rmap_items 89804 ksm_merging_pages 68455 ksm_process_profit 274644224
Interval 2: /proc/455621/ksm_stat=ksm_rmap_items 94412 ksm_merging_pages 72792 ksm_process_profit 292113664
Interval 2: /proc/455697/ksm_stat=ksm_rmap_items 90082 ksm_merging_pages 68262 ksm_process_profit 273835904
Interval 3: average_cpu_usage=2.97
Interval 3: pages_shared=51916
Interval 3: pages_sharing=158121
Interval 3: general_profit=630108544
Interval 3: /proc/455552/ksm_stat=ksm_rmap_items 89804 ksm_merging_pages 68640 ksm_process_profit 275401984
Interval 3: /proc/455621/ksm_stat=ksm_rmap_items 94412 ksm_merging_pages 72964 ksm_process_profit 292818176
Interval 3: /proc/455697/ksm_stat=ksm_rmap_items 90082 ksm_merging_pages 68433 ksm_process_profit 274536320
Interval 4: average_cpu_usage=4.98
Interval 4: pages_shared=51924
Interval 4: pages_sharing=158123
Interval 4: general_profit=630116736
Interval 4: /proc/455552/ksm_stat=ksm_rmap_items 89804 ksm_merging_pages 68638 ksm_process_profit 275393792
Interval 4: /proc/455621/ksm_stat=ksm_rmap_items 94412 ksm_merging_pages 72980 ksm_process_profit 292883712
Interval 4: /proc/455697/ksm_stat=ksm_rmap_items 90082 ksm_merging_pages 68429 ksm_process_profit 274519936
Interval 5: average_cpu_usage=4.57
Interval 5: pages_shared=51913
Interval 5: pages_sharing=158105
Interval 5: general_profit=630043008
Interval 5: /proc/455552/ksm_stat=ksm_rmap_items 89804 ksm_merging_pages 68644 ksm_process_profit 275418368
Interval 5: /proc/455621/ksm_stat=ksm_rmap_items 94412 ksm_merging_pages 72958 ksm_process_profit 292793600
Interval 5: /proc/455697/ksm_stat=ksm_rmap_items 90082 ksm_merging_pages 68416 ksm_process_profit 274466688
Interval 6: average_cpu_usage=5.01
Interval 6: pages_shared=51915
Interval 6: pages_sharing=158074
Interval 6: general_profit=629916032
Interval 6: /proc/455552/ksm_stat=ksm_rmap_items 89804 ksm_merging_pages 68616 ksm_process_profit 275303680
Interval 6: /proc/455621/ksm_stat=ksm_rmap_items 94412 ksm_merging_pages 72947 ksm_process_profit 292748544
Interval 6: /proc/455697/ksm_stat=ksm_rmap_items 90082 ksm_merging_pages 68416 ksm_process_profit 274466688
Interval 7: average_cpu_usage=4.64
Interval 7: pages_shared=51907
Interval 7: pages_sharing=158040
Interval 7: general_profit=629776768
Interval 7: /proc/455552/ksm_stat=ksm_rmap_items 89804 ksm_merging_pages 68617 ksm_process_profit 275307776
Interval 7: /proc/455621/ksm_stat=ksm_rmap_items 94412 ksm_merging_pages 72939 ksm_process_profit 292715776
Interval 7: /proc/455697/ksm_stat=ksm_rmap_items 90082 ksm_merging_pages 68391 ksm_process_profit 274364288
Interval 8: average_cpu_usage=4.16
Interval 8: pages_shared=51916
Interval 8: pages_sharing=158032
Interval 8: general_profit=629744000
Interval 8: /proc/455552/ksm_stat=ksm_rmap_items 89804 ksm_merging_pages 68617 ksm_process_profit 275307776
Interval 8: /proc/455621/ksm_stat=ksm_rmap_items 94412 ksm_merging_pages 72942 ksm_process_profit 292728064
Interval 8: /proc/455697/ksm_stat=ksm_rmap_items 90082 ksm_merging_pages 68389 ksm_process_profit 274356096
Interval 9: average_cpu_usage=6.71
Interval 9: pages_shared=51927
Interval 9: pages_sharing=158029
Interval 9: general_profit=629731712
Interval 9: /proc/455552/ksm_stat=ksm_rmap_items 89804 ksm_merging_pages 68615 ksm_process_profit 275299584
Interval 9: /proc/455621/ksm_stat=ksm_rmap_items 94412 ksm_merging_pages 72965 ksm_process_profit 292822272
Interval 9: /proc/455697/ksm_stat=ksm_rmap_items 90082 ksm_merging_pages 68376 ksm_process_profit 274302848
Interval 10: average_cpu_usage=4.49
Interval 10: pages_shared=51931
Interval 10: pages_sharing=158050
Interval 10: general_profit=629817728
Interval 10: /proc/455552/ksm_stat=ksm_rmap_items 89804 ksm_merging_pages 68620 ksm_process_profit 275320064
Interval 10: /proc/455621/ksm_stat=ksm_rmap_items 94412 ksm_merging_pages 72969 ksm_process_profit 292838656
Interval 10: /proc/455697/ksm_stat=ksm_rmap_items 90082 ksm_merging_pages 68392 ksm_process_profit 274368384
Interval 11: average_cpu_usage=4.16
Interval 11: pages_shared=51918
Interval 11: pages_sharing=158039
Interval 11: general_profit=629772672
Interval 11: /proc/455552/ksm_stat=ksm_rmap_items 89804 ksm_merging_pages 68628 ksm_process_profit 275352832
Interval 11: /proc/455621/ksm_stat=ksm_rmap_items 94412 ksm_merging_pages 72941 ksm_process_profit 292723968
Interval 11: /proc/455697/ksm_stat=ksm_rmap_items 90082 ksm_merging_pages 68388 ksm_process_profit 274352000
Interval 12: average_cpu_usage=3.4
Interval 12: pages_shared=51914
Interval 12: pages_sharing=158020
Interval 12: general_profit=629694848
Interval 12: /proc/455552/ksm_stat=ksm_rmap_items 89804 ksm_merging_pages 68620 ksm_process_profit 275320064
Interval 12: /proc/455621/ksm_stat=ksm_rmap_items 94412 ksm_merging_pages 72936 ksm_process_profit 292703488
Interval 12: /proc/455697/ksm_stat=ksm_rmap_items 90082 ksm_merging_pages 68378 ksm_process_profit 274311040
Interval 13: average_cpu_usage=3.24
Interval 13: pages_shared=51921
Interval 13: pages_sharing=158016
Interval 13: general_profit=629678464
Interval 13: /proc/455552/ksm_stat=ksm_rmap_items 89804 ksm_merging_pages 68630 ksm_process_profit 275361024
Interval 13: /proc/455621/ksm_stat=ksm_rmap_items 94412 ksm_merging_pages 72933 ksm_process_profit 292691200
Interval 13: /proc/455697/ksm_stat=ksm_rmap_items 90082 ksm_merging_pages 68374 ksm_process_profit 274294656
Interval 14: average_cpu_usage=3.12
Interval 14: pages_shared=51914
Interval 14: pages_sharing=158014
Interval 14: general_profit=629666176
Interval 14: /proc/455552/ksm_stat=ksm_rmap_items 89804 ksm_merging_pages 68606 ksm_process_profit 275262720
Interval 14: /proc/455621/ksm_stat=ksm_rmap_items 94412 ksm_merging_pages 72935 ksm_process_profit 292699392
Interval 14: /proc/455697/ksm_stat=ksm_rmap_items 90082 ksm_merging_pages 68385 ksm_process_profit 274339712
Interval 15: average_cpu_usage=3.02
Interval 15: pages_shared=51912
Interval 15: pages_sharing=158017
Interval 15: general_profit=629682560
Interval 15: /proc/455552/ksm_stat=ksm_rmap_items 89804 ksm_merging_pages 68603 ksm_process_profit 275250432
Interval 15: /proc/455621/ksm_stat=ksm_rmap_items 94412 ksm_merging_pages 72946 ksm_process_profit 292744448
Interval 15: /proc/455697/ksm_stat=ksm_rmap_items 90082 ksm_merging_pages 68380 ksm_process_profit 274319232
Interval 16: average_cpu_usage=3.03
Interval 16: pages_shared=52037
Interval 16: pages_sharing=157829
Interval 16: general_profit=628912512
Interval 16: /proc/455552/ksm_stat=ksm_rmap_items 89804 ksm_merging_pages 68582 ksm_process_profit 275164416
Interval 16: /proc/455621/ksm_stat=ksm_rmap_items 94412 ksm_merging_pages 72902 ksm_process_profit 292564224
Interval 16: /proc/455697/ksm_stat=ksm_rmap_items 90082 ksm_merging_pages 68382 ksm_process_profit 274327424
Interval 17: average_cpu_usage=3.2
Interval 17: pages_shared=52032
Interval 17: pages_sharing=157833
Interval 17: general_profit=628928896
Interval 17: /proc/455552/ksm_stat=ksm_rmap_items 89804 ksm_merging_pages 68588 ksm_process_profit 275188992
Interval 17: /proc/455621/ksm_stat=ksm_rmap_items 94412 ksm_merging_pages 72902 ksm_process_profit 292564224
Interval 17: /proc/455697/ksm_stat=ksm_rmap_items 90082 ksm_merging_pages 68375 ksm_process_profit 274298752
Interval 18: average_cpu_usage=2.88
Interval 18: pages_shared=52038
Interval 18: pages_sharing=157850
Interval 18: general_profit=629014912
Interval 18: /proc/455552/ksm_stat=ksm_rmap_items 89804 ksm_merging_pages 68578 ksm_process_profit 275148032
Interval 18: /proc/455621/ksm_stat=ksm_rmap_items 94412 ksm_merging_pages 72933 ksm_process_profit 292691200
Interval 18: /proc/455697/ksm_stat=ksm_rmap_items 90082 ksm_merging_pages 68387 ksm_process_profit 274347904
Interval 19: average_cpu_usage=3.01
Interval 19: pages_shared=51983
Interval 19: pages_sharing=157787
Interval 19: general_profit=627921280
Interval 19: /proc/455552/ksm_stat=ksm_rmap_items 89804 ksm_merging_pages 68572 ksm_process_profit 275123456
Interval 19: /proc/455621/ksm_stat=ksm_rmap_items 94412 ksm_merging_pages 72926 ksm_process_profit 292662528
Interval 19: /proc/455697/ksm_stat=ksm_rmap_items 102882 ksm_merging_pages 68272 ksm_process_profit 273057664
Interval 20: average_cpu_usage=3.03
Interval 20: pages_shared=51979
Interval 20: pages_sharing=157785
Interval 20: general_profit=627913088
Interval 20: /proc/455552/ksm_stat=ksm_rmap_items 89804 ksm_merging_pages 68591 ksm_process_profit 275201280
Interval 20: /proc/455621/ksm_stat=ksm_rmap_items 94412 ksm_merging_pages 72896 ksm_process_profit 292539648
Interval 20: /proc/455697/ksm_stat=ksm_rmap_items 102882 ksm_merging_pages 68277 ksm_process_profit 273078144
Interval 21: average_cpu_usage=2.98
Interval 21: pages_shared=51977
Interval 21: pages_sharing=157785
Interval 21: general_profit=627913088
Interval 21: /proc/455552/ksm_stat=ksm_rmap_items 89804 ksm_merging_pages 68565 ksm_process_profit 275094784
Interval 21: /proc/455621/ksm_stat=ksm_rmap_items 94412 ksm_merging_pages 72922 ksm_process_profit 292646144
Interval 21: /proc/455697/ksm_stat=ksm_rmap_items 102882 ksm_merging_pages 68275 ksm_process_profit 273069952
Interval 22: average_cpu_usage=3.01
Interval 22: pages_shared=51994
Interval 22: pages_sharing=157804
Interval 22: general_profit=627990912
Interval 22: /proc/455552/ksm_stat=ksm_rmap_items 89804 ksm_merging_pages 68577 ksm_process_profit 275143936
Interval 22: /proc/455621/ksm_stat=ksm_rmap_items 94412 ksm_merging_pages 72933 ksm_process_profit 292691200
Interval 22: /proc/455697/ksm_stat=ksm_rmap_items 102882 ksm_merging_pages 68288 ksm_process_profit 273123200
Interval 23: average_cpu_usage=3.07
Interval 23: pages_shared=51992
Interval 23: pages_sharing=157797
Interval 23: general_profit=627962240
Interval 23: /proc/455552/ksm_stat=ksm_rmap_items 89804 ksm_merging_pages 68578 ksm_process_profit 275148032
Interval 23: /proc/455621/ksm_stat=ksm_rmap_items 94412 ksm_merging_pages 72933 ksm_process_profit 292691200
Interval 23: /proc/455697/ksm_stat=ksm_rmap_items 102882 ksm_merging_pages 68284 ksm_process_profit 273106816
Interval 24: average_cpu_usage=3.2
Interval 24: pages_shared=51984
Interval 24: pages_sharing=157803
Interval 24: general_profit=627986816
Interval 24: /proc/455552/ksm_stat=ksm_rmap_items 89804 ksm_merging_pages 68576 ksm_process_profit 275139840
Interval 24: /proc/455621/ksm_stat=ksm_rmap_items 94412 ksm_merging_pages 72921 ksm_process_profit 292642048
Interval 24: /proc/455697/ksm_stat=ksm_rmap_items 102882 ksm_merging_pages 68290 ksm_process_profit 273131392
Interval 25: average_cpu_usage=3.03
Interval 25: pages_shared=51982
Interval 25: pages_sharing=157793
Interval 25: general_profit=627941760
Interval 25: /proc/455552/ksm_stat=ksm_rmap_items 89804 ksm_merging_pages 68569 ksm_process_profit 275111168
Interval 25: /proc/455621/ksm_stat=ksm_rmap_items 94412 ksm_merging_pages 72905 ksm_process_profit 292576512
Interval 25: /proc/455697/ksm_stat=ksm_rmap_items 102882 ksm_merging_pages 68299 ksm_process_profit 273168256
Interval 26: average_cpu_usage=2.95
Interval 26: pages_shared=51986
Interval 26: pages_sharing=157797
Interval 26: general_profit=627962240
Interval 26: /proc/455552/ksm_stat=ksm_rmap_items 89804 ksm_merging_pages 68578 ksm_process_profit 275148032
Interval 26: /proc/455621/ksm_stat=ksm_rmap_items 94412 ksm_merging_pages 72911 ksm_process_profit 292601088
Interval 26: /proc/455697/ksm_stat=ksm_rmap_items 102882 ksm_merging_pages 68294 ksm_process_profit 273147776
Interval 27: average_cpu_usage=2.94
Interval 27: pages_shared=51992
Interval 27: pages_sharing=157801
Interval 27: general_profit=627978624
Interval 27: /proc/455552/ksm_stat=ksm_rmap_items 89804 ksm_merging_pages 68603 ksm_process_profit 275250432
Interval 27: /proc/455621/ksm_stat=ksm_rmap_items 94412 ksm_merging_pages 72905 ksm_process_profit 292576512
Interval 27: /proc/455697/ksm_stat=ksm_rmap_items 102882 ksm_merging_pages 68285 ksm_process_profit 273110912
Interval 28: average_cpu_usage=3.03
Interval 28: pages_shared=52001
Interval 28: pages_sharing=157817
Interval 28: general_profit=628044160
Interval 28: /proc/455552/ksm_stat=ksm_rmap_items 89804 ksm_merging_pages 68586 ksm_process_profit 275180800
Interval 28: /proc/455621/ksm_stat=ksm_rmap_items 94412 ksm_merging_pages 72944 ksm_process_profit 292736256
Interval 28: /proc/455697/ksm_stat=ksm_rmap_items 102882 ksm_merging_pages 68288 ksm_process_profit 273123200
Interval 29: average_cpu_usage=3.12
Interval 29: pages_shared=51992
Interval 29: pages_sharing=157814
Interval 29: general_profit=628031872
Interval 29: /proc/455552/ksm_stat=ksm_rmap_items 89804 ksm_merging_pages 68601 ksm_process_profit 275242240
Interval 29: /proc/455621/ksm_stat=ksm_rmap_items 94412 ksm_merging_pages 72916 ksm_process_profit 292621568
Interval 29: /proc/455697/ksm_stat=ksm_rmap_items 102882 ksm_merging_pages 68289 ksm_process_profit 273127296
Interval 30: average_cpu_usage=2.98
Interval 30: pages_shared=51976
Interval 30: pages_sharing=157807
Interval 30: general_profit=628003200
Interval 30: /proc/455552/ksm_stat=ksm_rmap_items 89804 ksm_merging_pages 68576 ksm_process_profit 275139840
Interval 30: /proc/455621/ksm_stat=ksm_rmap_items 94412 ksm_merging_pages 72912 ksm_process_profit 292605184
Interval 30: /proc/455697/ksm_stat=ksm_rmap_items 102882 ksm_merging_pages 68295 ksm_process_profit 273151872
