num_intervals=10
interval_duration=1
vm_pid_array=22621
[BEGIN] Logging ksm system parameters
full_scans=4581
general_profit=87776512
max_page_sharing=256
merge_across_nodes=1
pages_shared=4137
pages_sharing=22961
pages_to_scan=10000
pages_unshared=62599
pages_volatile=8299
run=1
sleep_millisecs=20
stable_node_chains=3
stable_node_chains_prune_millisecs=2000
stable_node_dups=84
use_zero_pages=0
[END] Logging ksm system parameters
Interval 1: average_cpu_usage=12.48
Interval 1: pages_shared=4719
Interval 1: pages_sharing=23537
Interval 1: general_profit=90135808
Interval 1: /proc/22621/ksm_stat=ksm_rmap_items 97996 ksm_merging_pages 28256 ksm_process_profit 109464832
Interval 2: average_cpu_usage=10.39
Interval 2: pages_shared=4718
Interval 2: pages_sharing=23536
Interval 2: general_profit=90131712
Interval 2: /proc/22621/ksm_stat=ksm_rmap_items 97996 ksm_merging_pages 28254 ksm_process_profit 109456640
Interval 3: average_cpu_usage=6.12
Interval 3: pages_shared=4717
Interval 3: pages_sharing=23481
Interval 3: general_profit=89906432
Interval 3: /proc/22621/ksm_stat=ksm_rmap_items 97996 ksm_merging_pages 28198 ksm_process_profit 109227264
Interval 4: average_cpu_usage=8.34
Interval 4: pages_shared=4659
Interval 4: pages_sharing=23314
Interval 4: general_profit=89226496
Interval 4: /proc/22621/ksm_stat=ksm_rmap_items 97996 ksm_merging_pages 27981 ksm_process_profit 108338432
Interval 5: average_cpu_usage=15.64
Interval 5: pages_shared=4725
Interval 5: pages_sharing=23543
Interval 5: general_profit=90160384
Interval 5: /proc/22621/ksm_stat=ksm_rmap_items 97996 ksm_merging_pages 28268 ksm_process_profit 109513984
Interval 6: average_cpu_usage=12.66
Interval 6: pages_shared=4726
Interval 6: pages_sharing=23546
Interval 6: general_profit=90172672
Interval 6: /proc/22621/ksm_stat=ksm_rmap_items 97996 ksm_merging_pages 28272 ksm_process_profit 109530368
Interval 7: average_cpu_usage=7.87
Interval 7: pages_shared=4731
Interval 7: pages_sharing=23550
Interval 7: general_profit=90184960
Interval 7: /proc/22621/ksm_stat=ksm_rmap_items 97996 ksm_merging_pages 28280 ksm_process_profit 109563136
Interval 8: average_cpu_usage=9.39
Interval 8: pages_shared=4726
Interval 8: pages_sharing=23542
Interval 8: general_profit=90156288
Interval 8: /proc/22621/ksm_stat=ksm_rmap_items 97996 ksm_merging_pages 28268 ksm_process_profit 109513984
Interval 9: average_cpu_usage=11.78
Interval 9: pages_shared=4726
Interval 9: pages_sharing=23545
Interval 9: general_profit=90168576
Interval 9: /proc/22621/ksm_stat=ksm_rmap_items 97996 ksm_merging_pages 28271 ksm_process_profit 109526272
Interval 10: average_cpu_usage=7.4
Interval 10: pages_shared=4726
Interval 10: pages_sharing=23545
Interval 10: general_profit=90168576
Interval 10: /proc/22621/ksm_stat=ksm_rmap_items 97996 ksm_merging_pages 28259 ksm_process_profit 109477120
