num_intervals=10
interval_duration=1
vm_pid_array=23047 23113
[BEGIN] Logging ksm system parameters
full_scans=4824
general_profit=334502400
max_page_sharing=256
merge_across_nodes=1
pages_shared=41281
pages_sharing=84704
pages_to_scan=10000
pages_unshared=35721
pages_volatile=32459
run=1
sleep_millisecs=20
stable_node_chains=4
stable_node_chains_prune_millisecs=2000
stable_node_dups=163
use_zero_pages=0
[END] Logging ksm system parameters
Interval 1: average_cpu_usage=17.15
Interval 1: pages_shared=48892
Interval 1: pages_sharing=94792
Interval 1: general_profit=375822848
Interval 1: /proc/23047/ksm_stat=ksm_rmap_items 99020 ksm_merging_pages 72582 ksm_process_profit 290958592
Interval 1: /proc/23113/ksm_stat=ksm_rmap_items 95436 ksm_merging_pages 71184 ksm_process_profit 285461760
Interval 2: average_cpu_usage=6.12
Interval 2: pages_shared=49160
Interval 2: pages_sharing=95145
Interval 2: general_profit=377272832
Interval 2: /proc/23047/ksm_stat=ksm_rmap_items 99020 ksm_merging_pages 72831 ksm_process_profit 291978496
Interval 2: /proc/23113/ksm_stat=ksm_rmap_items 95436 ksm_merging_pages 71477 ksm_process_profit 286661888
Interval 3: average_cpu_usage=7.22
Interval 3: pages_shared=49196
Interval 3: pages_sharing=95023
Interval 3: general_profit=376769024
Interval 3: /proc/23047/ksm_stat=ksm_rmap_items 99020 ksm_merging_pages 72678 ksm_process_profit 291351808
Interval 3: /proc/23113/ksm_stat=ksm_rmap_items 95436 ksm_merging_pages 71541 ksm_process_profit 286924032
Interval 4: average_cpu_usage=7.67
Interval 4: pages_shared=49119
Interval 4: pages_sharing=94721
Interval 4: general_profit=375568896
Interval 4: /proc/23047/ksm_stat=ksm_rmap_items 99020 ksm_merging_pages 72648 ksm_process_profit 291228928
Interval 4: /proc/23113/ksm_stat=ksm_rmap_items 95436 ksm_merging_pages 71212 ksm_process_profit 285576448
Interval 5: average_cpu_usage=10.48
Interval 5: pages_shared=49207
Interval 5: pages_sharing=95311
Interval 5: general_profit=377948672
Interval 5: /proc/23047/ksm_stat=ksm_rmap_items 99020 ksm_merging_pages 72934 ksm_process_profit 292400384
Interval 5: /proc/23113/ksm_stat=ksm_rmap_items 95436 ksm_merging_pages 71585 ksm_process_profit 287104256
Interval 6: average_cpu_usage=6.91
Interval 6: pages_shared=49216
Interval 6: pages_sharing=95307
Interval 6: general_profit=377932288
Interval 6: /proc/23047/ksm_stat=ksm_rmap_items 99020 ksm_merging_pages 72944 ksm_process_profit 292441344
Interval 6: /proc/23113/ksm_stat=ksm_rmap_items 95436 ksm_merging_pages 71580 ksm_process_profit 287083776
Interval 7: average_cpu_usage=6.15
Interval 7: pages_shared=49318
Interval 7: pages_sharing=95410
Interval 7: general_profit=378354176
Interval 7: /proc/23047/ksm_stat=ksm_rmap_items 99020 ksm_merging_pages 73050 ksm_process_profit 292875520
Interval 7: /proc/23113/ksm_stat=ksm_rmap_items 95436 ksm_merging_pages 71678 ksm_process_profit 287485184
Interval 8: average_cpu_usage=12.63
Interval 8: pages_shared=49318
Interval 8: pages_sharing=95412
Interval 8: general_profit=378362368
Interval 8: /proc/23047/ksm_stat=ksm_rmap_items 99020 ksm_merging_pages 73051 ksm_process_profit 292879616
Interval 8: /proc/23113/ksm_stat=ksm_rmap_items 95436 ksm_merging_pages 71679 ksm_process_profit 287489280
Interval 9: average_cpu_usage=12.41
Interval 9: pages_shared=49324
Interval 9: pages_sharing=95414
Interval 9: general_profit=378370560
Interval 9: /proc/23047/ksm_stat=ksm_rmap_items 99020 ksm_merging_pages 73054 ksm_process_profit 292891904
Interval 9: /proc/23113/ksm_stat=ksm_rmap_items 95436 ksm_merging_pages 71682 ksm_process_profit 287501568
Interval 10: average_cpu_usage=8.82
Interval 10: pages_shared=49321
Interval 10: pages_sharing=95411
Interval 10: general_profit=378358272
Interval 10: /proc/23047/ksm_stat=ksm_rmap_items 99020 ksm_merging_pages 73052 ksm_process_profit 292883712
Interval 10: /proc/23113/ksm_stat=ksm_rmap_items 95436 ksm_merging_pages 71680 ksm_process_profit 287493376
